database : connect : 23 : 11/09/2021 11:01:40 PM : DEBUG : connecting to cluster...
database : connect : 26 : 11/09/2021 11:01:41 PM : INFO : connected to cluster, aviable databases: casino, jackbox, serverdb, userstates, admin, local
database : connect : 27 : 11/09/2021 11:01:41 PM : DEBUG : {'version': '4.4.8', 'gitVersion': '83b8bb8b6b325d8d8d3dfd2ad9f744bdad7d6ca0', 'modules': ['enterprise'], 'allocator': 'tcmalloc', 'javascriptEngine': 'mozjs', 'sysInfo': 'deprecated', 'versionArray': [4, 4, 8, 0], 'openssl': {'running': 'OpenSSL 1.0.1e-fips 11 Feb 2013', 'compiled': 'OpenSSL 1.0.1e-fips 11 Feb 2013'}, 'buildEnvironment': {'distmod': 'rhel70', 'distarch': 'x86_64', 'cc': '/opt/mongodbtoolchain/v3/bin/gcc: gcc (GCC) 8.5.0', 'ccflags': '-fno-omit-frame-pointer -fno-strict-aliasing -fasynchronous-unwind-tables -ggdb -pthread -Wall -Wsign-compare -Wno-unknown-pragmas -Winvalid-pch -Werror -O2 -Wno-unused-local-typedefs -Wno-unused-function -Wno-deprecated-declarations -Wno-unused-const-variable -Wno-unused-but-set-variable -Wno-missing-braces -fstack-protector-strong -fno-builtin-memcmp', 'cxx': '/opt/mongodbtoolchain/v3/bin/g++: g++ (GCC) 8.5.0', 'cxxflags': '-Woverloaded-virtual -Wno-maybe-uninitialized -fsized-deallocation -std=c++17', 'linkflags': '-pthread -Wl,-z,now -rdynamic -Wl,--fatal-warnings -fstack-protector-strong -fuse-ld=gold -Wl,--no-threads -Wl,--build-id -Wl,--hash-style=gnu -Wl,-z,noexecstack -Wl,--warn-execstack -Wl,-z,relro -Wl,-rpath,/usr/lib64/perl5/CORE -Wl,-z,origin -Wl,--enable-new-dtags', 'target_arch': 'x86_64', 'target_os': 'linux', 'cppdefines': 'SAFEINT_USE_INTRINSICS 0 PCRE_STATIC NDEBUG _XOPEN_SOURCE 700 _GNU_SOURCE _FORTIFY_SOURCE 2 BOOST_THREAD_VERSION 5 BOOST_THREAD_USES_DATETIME BOOST_SYSTEM_NO_DEPRECATED BOOST_MATH_NO_LONG_DOUBLE_MATH_FUNCTIONS BOOST_ENABLE_ASSERT_DEBUG_HANDLER BOOST_LOG_NO_SHORTHAND_NAMES BOOST_LOG_USE_NATIVE_SYSLOG BOOST_LOG_WITHOUT_THREAD_ATTR ABSL_FORCE_ALIGNED_ACCESS'}, 'bits': 64, 'debug': False, 'maxBsonObjectSize': 16777216, 'storageEngines': ['biggie', 'devnull', 'ephemeralForTest', 'inMemory', 'queryable_wt', 'wiredTiger'], 'ok': 1.0, '$clusterTime': {'clusterTime': Timestamp(1631390500, 1), 'signature': {'hash': b'j\x9c\xaf\x1c\xf2\x15b\xfe\xf8\xffH\xa5:K\xa65\xfa\x86\x0cy', 'keyId': 6957767489610579969}}, 'operationTime': Timestamp(1631390500, 1)}
database : connect : 32 : 11/09/2021 11:01:41 PM : INFO : connected to database: casino
__main__ : <module> : 14 : 11/09/2021 11:01:41 PM : INFO : starting...
__main__ : <module> : 43 : 11/09/2021 11:01:41 PM : DEBUG : loading extensions...
main : <module> : 14 : 11/09/2021 11:01:41 PM : INFO : starting...
main : <module> : 43 : 11/09/2021 11:01:41 PM : DEBUG : loading extensions...
cogs.casino : __init__ : 130 : 11/09/2021 11:01:41 PM : INFO : cogs.casino Cog has initialized
cogs.error_handler : __init__ : 17 : 11/09/2021 11:01:41 PM : INFO : cogs.error_handler Cog has initialized
main : <module> : 46 : 11/09/2021 11:01:41 PM : DEBUG : loading complete
main : on_ready : 28 : 11/09/2021 11:01:44 PM : INFO : bot is started
database : delete_user : 142 : 11/09/2021 11:01:44 PM : DEBUG : deleting user...
database : delete_user : 148 : 11/09/2021 11:01:44 PM : DEBUG : deleting complete
cogs.casino : on_raw_reaction_add : 271 : 11/09/2021 11:01:54 PM : DEBUG : reaction added
cogs.casino : on_raw_reaction_remove : 277 : 11/09/2021 11:02:02 PM : DEBUG : reaction removed
cogs.casino : rulet : 213 : 11/09/2021 11:02:12 PM : DEBUG : called command rulet
database : fetch_user : 108 : 11/09/2021 11:02:12 PM : DEBUG : searching user
database : fetch_user : 116 : 11/09/2021 11:02:12 PM : DEBUG : finded user
cogs.casino : on_raw_reaction_add : 271 : 11/09/2021 11:02:13 PM : DEBUG : reaction added
cogs.casino : on_raw_reaction_add : 271 : 11/09/2021 11:02:13 PM : DEBUG : reaction added
cogs.casino : on_raw_reaction_add : 271 : 11/09/2021 11:02:14 PM : DEBUG : reaction added
cogs.casino : on_raw_reaction_add : 271 : 11/09/2021 11:02:14 PM : DEBUG : reaction added
cogs.casino : on_raw_reaction_add : 271 : 11/09/2021 11:02:15 PM : DEBUG : reaction added
cogs.casino : on_raw_reaction_add : 271 : 11/09/2021 11:02:15 PM : DEBUG : reaction added
cogs.casino : on_raw_reaction_add : 271 : 11/09/2021 11:02:16 PM : DEBUG : reaction added
cogs.casino : on_raw_reaction_add : 271 : 11/09/2021 11:02:16 PM : DEBUG : reaction added
cogs.casino : on_raw_reaction_add : 271 : 11/09/2021 11:02:17 PM : DEBUG : reaction added
cogs.casino : on_raw_reaction_add : 271 : 11/09/2021 11:02:18 PM : DEBUG : reaction added
cogs.casino : on_raw_reaction_add : 271 : 11/09/2021 11:02:19 PM : DEBUG : reaction added
cogs.casino : on_raw_reaction_remove : 277 : 11/09/2021 11:02:31 PM : DEBUG : reaction removed
cogs.casino : on_raw_reaction_add : 271 : 11/09/2021 11:02:33 PM : DEBUG : reaction added
cogs.casino : on_raw_reaction_remove : 277 : 11/09/2021 11:02:33 PM : DEBUG : reaction removed
database : connect : 23 : 11/09/2021 11:03:17 PM : DEBUG : connecting to cluster...
database : connect : 26 : 11/09/2021 11:03:19 PM : INFO : connected to cluster, aviable databases: casino, jackbox, serverdb, userstates, admin, local
database : connect : 27 : 11/09/2021 11:03:19 PM : DEBUG : {'version': '4.4.8', 'gitVersion': '83b8bb8b6b325d8d8d3dfd2ad9f744bdad7d6ca0', 'modules': ['enterprise'], 'allocator': 'tcmalloc', 'javascriptEngine': 'mozjs', 'sysInfo': 'deprecated', 'versionArray': [4, 4, 8, 0], 'openssl': {'running': 'OpenSSL 1.0.1e-fips 11 Feb 2013', 'compiled': 'OpenSSL 1.0.1e-fips 11 Feb 2013'}, 'buildEnvironment': {'distmod': 'rhel70', 'distarch': 'x86_64', 'cc': '/opt/mongodbtoolchain/v3/bin/gcc: gcc (GCC) 8.5.0', 'ccflags': '-fno-omit-frame-pointer -fno-strict-aliasing -fasynchronous-unwind-tables -ggdb -pthread -Wall -Wsign-compare -Wno-unknown-pragmas -Winvalid-pch -Werror -O2 -Wno-unused-local-typedefs -Wno-unused-function -Wno-deprecated-declarations -Wno-unused-const-variable -Wno-unused-but-set-variable -Wno-missing-braces -fstack-protector-strong -fno-builtin-memcmp', 'cxx': '/opt/mongodbtoolchain/v3/bin/g++: g++ (GCC) 8.5.0', 'cxxflags': '-Woverloaded-virtual -Wno-maybe-uninitialized -fsized-deallocation -std=c++17', 'linkflags': '-pthread -Wl,-z,now -rdynamic -Wl,--fatal-warnings -fstack-protector-strong -fuse-ld=gold -Wl,--no-threads -Wl,--build-id -Wl,--hash-style=gnu -Wl,-z,noexecstack -Wl,--warn-execstack -Wl,-z,relro -Wl,-rpath,/usr/lib64/perl5/CORE -Wl,-z,origin -Wl,--enable-new-dtags', 'target_arch': 'x86_64', 'target_os': 'linux', 'cppdefines': 'SAFEINT_USE_INTRINSICS 0 PCRE_STATIC NDEBUG _XOPEN_SOURCE 700 _GNU_SOURCE _FORTIFY_SOURCE 2 BOOST_THREAD_VERSION 5 BOOST_THREAD_USES_DATETIME BOOST_SYSTEM_NO_DEPRECATED BOOST_MATH_NO_LONG_DOUBLE_MATH_FUNCTIONS BOOST_ENABLE_ASSERT_DEBUG_HANDLER BOOST_LOG_NO_SHORTHAND_NAMES BOOST_LOG_USE_NATIVE_SYSLOG BOOST_LOG_WITHOUT_THREAD_ATTR ABSL_FORCE_ALIGNED_ACCESS'}, 'bits': 64, 'debug': False, 'maxBsonObjectSize': 16777216, 'storageEngines': ['biggie', 'devnull', 'ephemeralForTest', 'inMemory', 'queryable_wt', 'wiredTiger'], 'ok': 1.0, '$clusterTime': {'clusterTime': Timestamp(1631390597, 1), 'signature': {'hash': b'\xd5r\xa7~\xb9\x86>\xc76\xdc%\xc6\xca\x8cM;\x00\x1e\xda-', 'keyId': 6957767489610579969}}, 'operationTime': Timestamp(1631390597, 1)}
database : connect : 32 : 11/09/2021 11:03:19 PM : INFO : connected to database: casino
__main__ : <module> : 14 : 11/09/2021 11:03:19 PM : INFO : starting...
__main__ : <module> : 43 : 11/09/2021 11:03:19 PM : DEBUG : loading extensions...
main : <module> : 14 : 11/09/2021 11:03:19 PM : INFO : starting...
main : <module> : 43 : 11/09/2021 11:03:19 PM : DEBUG : loading extensions...
cogs.casino : __init__ : 130 : 11/09/2021 11:03:19 PM : INFO : cogs.casino Cog has initialized
cogs.error_handler : __init__ : 17 : 11/09/2021 11:03:19 PM : INFO : cogs.error_handler Cog has initialized
main : <module> : 46 : 11/09/2021 11:03:19 PM : DEBUG : loading complete
main : on_ready : 28 : 11/09/2021 11:03:22 PM : INFO : bot is started
database : delete_user : 142 : 11/09/2021 11:03:22 PM : DEBUG : deleting user...
database : delete_user : 148 : 11/09/2021 11:03:22 PM : DEBUG : deleting complete
cogs.casino : rulet : 213 : 11/09/2021 11:03:26 PM : DEBUG : called command rulet
database : fetch_user : 108 : 11/09/2021 11:03:26 PM : DEBUG : searching user
database : fetch_user : 116 : 11/09/2021 11:03:26 PM : DEBUG : finded user
cogs.casino : on_raw_reaction_add : 271 : 11/09/2021 11:03:27 PM : DEBUG : reaction added
cogs.casino : on_raw_reaction_add : 271 : 11/09/2021 11:03:27 PM : DEBUG : reaction added
cogs.casino : on_raw_reaction_add : 271 : 11/09/2021 11:03:28 PM : DEBUG : reaction added
cogs.casino : on_raw_reaction_add : 271 : 11/09/2021 11:03:28 PM : DEBUG : reaction added
cogs.casino : on_raw_reaction_add : 271 : 11/09/2021 11:03:29 PM : DEBUG : reaction added
cogs.casino : on_raw_reaction_add : 271 : 11/09/2021 11:03:29 PM : DEBUG : reaction added
cogs.casino : on_raw_reaction_add : 271 : 11/09/2021 11:03:30 PM : DEBUG : reaction added
cogs.casino : __emoji_handler : 160 : 11/09/2021 11:03:30 PM : DEBUG : editing bet_type: +1
cogs.casino : on_raw_reaction_add : 271 : 11/09/2021 11:03:30 PM : DEBUG : reaction added
cogs.casino : on_raw_reaction_add : 271 : 11/09/2021 11:03:30 PM : DEBUG : reaction added
cogs.casino : on_raw_reaction_add : 271 : 11/09/2021 11:03:31 PM : DEBUG : reaction added
cogs.casino : on_raw_reaction_add : 271 : 11/09/2021 11:03:31 PM : DEBUG : reaction added
cogs.casino : on_raw_reaction_add : 271 : 11/09/2021 11:03:33 PM : DEBUG : reaction added
cogs.casino : on_raw_reaction_add : 271 : 11/09/2021 11:03:36 PM : DEBUG : reaction added
cogs.casino : __emoji_handler : 164 : 11/09/2021 11:03:36 PM : DEBUG : editing bet_type_type
cogs.casino : on_raw_reaction_remove : 277 : 11/09/2021 11:03:37 PM : DEBUG : reaction removed
models.rulet : __init__ : 67 : 11/09/2021 11:03:37 PM : DEBUG : Rulet initialized
cogs.casino : on_raw_reaction_add : 271 : 11/09/2021 11:03:47 PM : DEBUG : reaction added
models.rulet : __init__ : 67 : 11/09/2021 11:03:47 PM : DEBUG : Rulet initialized
cogs.casino : on_raw_reaction_remove : 277 : 11/09/2021 11:03:50 PM : DEBUG : reaction removed
cogs.casino : __emoji_handler : 164 : 11/09/2021 11:03:50 PM : DEBUG : editing bet_type_type
cogs.casino : on_raw_reaction_remove : 277 : 11/09/2021 11:03:52 PM : DEBUG : reaction removed
cogs.casino : __emoji_handler : 160 : 11/09/2021 11:03:52 PM : DEBUG : editing bet_type: +1
cogs.casino : on_raw_reaction_remove : 277 : 11/09/2021 11:03:53 PM : DEBUG : reaction removed
cogs.casino : on_raw_reaction_add : 271 : 11/09/2021 11:04:22 PM : DEBUG : reaction added
cogs.casino : on_raw_reaction_add : 271 : 11/09/2021 11:04:25 PM : DEBUG : reaction added
cogs.casino : __emoji_handler : 164 : 11/09/2021 11:04:25 PM : DEBUG : editing bet_type_type
cogs.casino : on_raw_reaction_remove : 277 : 11/09/2021 11:04:26 PM : DEBUG : reaction removed
models.rulet : __init__ : 67 : 11/09/2021 11:04:26 PM : DEBUG : Rulet initialized
cogs.casino : on_raw_reaction_add : 271 : 11/09/2021 11:05:07 PM : DEBUG : reaction added
models.rulet : __init__ : 67 : 11/09/2021 11:05:07 PM : DEBUG : Rulet initialized
database : connect : 23 : 11/09/2021 11:07:17 PM : DEBUG : connecting to cluster...
database : connect : 26 : 11/09/2021 11:07:19 PM : INFO : connected to cluster, aviable databases: casino, jackbox, serverdb, userstates, admin, local
database : connect : 27 : 11/09/2021 11:07:19 PM : DEBUG : {'version': '4.4.8', 'gitVersion': '83b8bb8b6b325d8d8d3dfd2ad9f744bdad7d6ca0', 'modules': ['enterprise'], 'allocator': 'tcmalloc', 'javascriptEngine': 'mozjs', 'sysInfo': 'deprecated', 'versionArray': [4, 4, 8, 0], 'openssl': {'running': 'OpenSSL 1.0.1e-fips 11 Feb 2013', 'compiled': 'OpenSSL 1.0.1e-fips 11 Feb 2013'}, 'buildEnvironment': {'distmod': 'rhel70', 'distarch': 'x86_64', 'cc': '/opt/mongodbtoolchain/v3/bin/gcc: gcc (GCC) 8.5.0', 'ccflags': '-fno-omit-frame-pointer -fno-strict-aliasing -fasynchronous-unwind-tables -ggdb -pthread -Wall -Wsign-compare -Wno-unknown-pragmas -Winvalid-pch -Werror -O2 -Wno-unused-local-typedefs -Wno-unused-function -Wno-deprecated-declarations -Wno-unused-const-variable -Wno-unused-but-set-variable -Wno-missing-braces -fstack-protector-strong -fno-builtin-memcmp', 'cxx': '/opt/mongodbtoolchain/v3/bin/g++: g++ (GCC) 8.5.0', 'cxxflags': '-Woverloaded-virtual -Wno-maybe-uninitialized -fsized-deallocation -std=c++17', 'linkflags': '-pthread -Wl,-z,now -rdynamic -Wl,--fatal-warnings -fstack-protector-strong -fuse-ld=gold -Wl,--no-threads -Wl,--build-id -Wl,--hash-style=gnu -Wl,-z,noexecstack -Wl,--warn-execstack -Wl,-z,relro -Wl,-rpath,/usr/lib64/perl5/CORE -Wl,-z,origin -Wl,--enable-new-dtags', 'target_arch': 'x86_64', 'target_os': 'linux', 'cppdefines': 'SAFEINT_USE_INTRINSICS 0 PCRE_STATIC NDEBUG _XOPEN_SOURCE 700 _GNU_SOURCE _FORTIFY_SOURCE 2 BOOST_THREAD_VERSION 5 BOOST_THREAD_USES_DATETIME BOOST_SYSTEM_NO_DEPRECATED BOOST_MATH_NO_LONG_DOUBLE_MATH_FUNCTIONS BOOST_ENABLE_ASSERT_DEBUG_HANDLER BOOST_LOG_NO_SHORTHAND_NAMES BOOST_LOG_USE_NATIVE_SYSLOG BOOST_LOG_WITHOUT_THREAD_ATTR ABSL_FORCE_ALIGNED_ACCESS'}, 'bits': 64, 'debug': False, 'maxBsonObjectSize': 16777216, 'storageEngines': ['biggie', 'devnull', 'ephemeralForTest', 'inMemory', 'queryable_wt', 'wiredTiger'], 'ok': 1.0, '$clusterTime': {'clusterTime': Timestamp(1631390838, 1), 'signature': {'hash': b'K\xe7o\x97\xf2\x08\x92\xbc\x00~>\xe9\xf1\xd0k\xd0\x14_h\x14', 'keyId': 6957767489610579969}}, 'operationTime': Timestamp(1631390838, 1)}
database : connect : 32 : 11/09/2021 11:07:19 PM : INFO : connected to database: casino
__main__ : <module> : 14 : 11/09/2021 11:07:19 PM : INFO : starting...
__main__ : <module> : 43 : 11/09/2021 11:07:19 PM : DEBUG : loading extensions...
main : <module> : 14 : 11/09/2021 11:07:19 PM : INFO : starting...
main : <module> : 43 : 11/09/2021 11:07:19 PM : DEBUG : loading extensions...
cogs.casino : __init__ : 130 : 11/09/2021 11:07:19 PM : INFO : cogs.casino Cog has initialized
cogs.error_handler : __init__ : 17 : 11/09/2021 11:07:19 PM : INFO : cogs.error_handler Cog has initialized
main : <module> : 46 : 11/09/2021 11:07:19 PM : DEBUG : loading complete
main : on_ready : 28 : 11/09/2021 11:07:22 PM : INFO : bot is started
database : delete_user : 142 : 11/09/2021 11:07:22 PM : DEBUG : deleting user...
database : delete_user : 148 : 11/09/2021 11:07:22 PM : DEBUG : deleting complete
cogs.casino : rulet : 213 : 11/09/2021 11:07:31 PM : DEBUG : called command rulet
database : fetch_user : 108 : 11/09/2021 11:07:31 PM : DEBUG : searching user
database : fetch_user : 116 : 11/09/2021 11:07:31 PM : DEBUG : finded user
cogs.casino : on_raw_reaction_add : 271 : 11/09/2021 11:07:32 PM : DEBUG : reaction added
cogs.casino : on_raw_reaction_add : 271 : 11/09/2021 11:07:32 PM : DEBUG : reaction added
cogs.casino : on_raw_reaction_add : 271 : 11/09/2021 11:07:33 PM : DEBUG : reaction added
cogs.casino : on_raw_reaction_add : 271 : 11/09/2021 11:07:33 PM : DEBUG : reaction added
cogs.casino : on_raw_reaction_add : 271 : 11/09/2021 11:07:34 PM : DEBUG : reaction added
cogs.casino : on_raw_reaction_add : 271 : 11/09/2021 11:07:34 PM : DEBUG : reaction added
cogs.casino : on_raw_reaction_add : 271 : 11/09/2021 11:07:35 PM : DEBUG : reaction added
cogs.casino : on_raw_reaction_add : 271 : 11/09/2021 11:07:35 PM : DEBUG : reaction added
cogs.casino : on_raw_reaction_add : 271 : 11/09/2021 11:07:36 PM : DEBUG : reaction added
cogs.casino : on_raw_reaction_add : 271 : 11/09/2021 11:07:36 PM : DEBUG : reaction added
cogs.casino : on_raw_reaction_add : 271 : 11/09/2021 11:07:38 PM : DEBUG : reaction added
cogs.casino : on_raw_reaction_remove : 277 : 11/09/2021 11:08:02 PM : DEBUG : reaction removed
cogs.casino : on_raw_reaction_add : 271 : 11/09/2021 11:08:06 PM : DEBUG : reaction added
cogs.casino : rulet : 213 : 11/09/2021 11:08:08 PM : DEBUG : called command rulet
database : fetch_user : 108 : 11/09/2021 11:08:08 PM : DEBUG : searching user
database : fetch_user : 116 : 11/09/2021 11:08:08 PM : DEBUG : finded user
cogs.casino : rulet : 217 : 11/09/2021 11:08:08 PM : DEBUG : Papr1ka has not enough money
cogs.error_handler : on_command_error : 21 : 11/09/2021 11:08:08 PM : DEBUG : on_command_error()
cogs.error_handler : on_command_error : 24 : 11/09/2021 11:08:08 PM : DEBUG : errors.NotEnoughMoney
database : connect : 23 : 11/09/2021 11:08:36 PM : DEBUG : connecting to cluster...
database : connect : 26 : 11/09/2021 11:08:37 PM : INFO : connected to cluster, aviable databases: casino, jackbox, serverdb, userstates, admin, local
database : connect : 27 : 11/09/2021 11:08:37 PM : DEBUG : {'version': '4.4.8', 'gitVersion': '83b8bb8b6b325d8d8d3dfd2ad9f744bdad7d6ca0', 'modules': ['enterprise'], 'allocator': 'tcmalloc', 'javascriptEngine': 'mozjs', 'sysInfo': 'deprecated', 'versionArray': [4, 4, 8, 0], 'openssl': {'running': 'OpenSSL 1.0.1e-fips 11 Feb 2013', 'compiled': 'OpenSSL 1.0.1e-fips 11 Feb 2013'}, 'buildEnvironment': {'distmod': 'rhel70', 'distarch': 'x86_64', 'cc': '/opt/mongodbtoolchain/v3/bin/gcc: gcc (GCC) 8.5.0', 'ccflags': '-fno-omit-frame-pointer -fno-strict-aliasing -fasynchronous-unwind-tables -ggdb -pthread -Wall -Wsign-compare -Wno-unknown-pragmas -Winvalid-pch -Werror -O2 -Wno-unused-local-typedefs -Wno-unused-function -Wno-deprecated-declarations -Wno-unused-const-variable -Wno-unused-but-set-variable -Wno-missing-braces -fstack-protector-strong -fno-builtin-memcmp', 'cxx': '/opt/mongodbtoolchain/v3/bin/g++: g++ (GCC) 8.5.0', 'cxxflags': '-Woverloaded-virtual -Wno-maybe-uninitialized -fsized-deallocation -std=c++17', 'linkflags': '-pthread -Wl,-z,now -rdynamic -Wl,--fatal-warnings -fstack-protector-strong -fuse-ld=gold -Wl,--no-threads -Wl,--build-id -Wl,--hash-style=gnu -Wl,-z,noexecstack -Wl,--warn-execstack -Wl,-z,relro -Wl,-rpath,/usr/lib64/perl5/CORE -Wl,-z,origin -Wl,--enable-new-dtags', 'target_arch': 'x86_64', 'target_os': 'linux', 'cppdefines': 'SAFEINT_USE_INTRINSICS 0 PCRE_STATIC NDEBUG _XOPEN_SOURCE 700 _GNU_SOURCE _FORTIFY_SOURCE 2 BOOST_THREAD_VERSION 5 BOOST_THREAD_USES_DATETIME BOOST_SYSTEM_NO_DEPRECATED BOOST_MATH_NO_LONG_DOUBLE_MATH_FUNCTIONS BOOST_ENABLE_ASSERT_DEBUG_HANDLER BOOST_LOG_NO_SHORTHAND_NAMES BOOST_LOG_USE_NATIVE_SYSLOG BOOST_LOG_WITHOUT_THREAD_ATTR ABSL_FORCE_ALIGNED_ACCESS'}, 'bits': 64, 'debug': False, 'maxBsonObjectSize': 16777216, 'storageEngines': ['biggie', 'devnull', 'ephemeralForTest', 'inMemory', 'queryable_wt', 'wiredTiger'], 'ok': 1.0, '$clusterTime': {'clusterTime': Timestamp(1631390917, 2), 'signature': {'hash': b'\x81;\xa7\xf6\xbb\xc3]\xacNH\x18n\x0b\xfc\xd4-"\xb3\x1cv', 'keyId': 6957767489610579969}}, 'operationTime': Timestamp(1631390917, 2)}
database : connect : 32 : 11/09/2021 11:08:37 PM : INFO : connected to database: casino
__main__ : <module> : 14 : 11/09/2021 11:08:37 PM : INFO : starting...
__main__ : <module> : 43 : 11/09/2021 11:08:37 PM : DEBUG : loading extensions...
main : <module> : 14 : 11/09/2021 11:08:37 PM : INFO : starting...
main : <module> : 43 : 11/09/2021 11:08:38 PM : DEBUG : loading extensions...
cogs.casino : __init__ : 130 : 11/09/2021 11:08:38 PM : INFO : cogs.casino Cog has initialized
cogs.error_handler : __init__ : 17 : 11/09/2021 11:08:38 PM : INFO : cogs.error_handler Cog has initialized
main : <module> : 46 : 11/09/2021 11:08:38 PM : DEBUG : loading complete
main : on_ready : 28 : 11/09/2021 11:08:40 PM : INFO : bot is started
database : delete_user : 142 : 11/09/2021 11:08:40 PM : DEBUG : deleting user...
database : delete_user : 148 : 11/09/2021 11:08:41 PM : DEBUG : deleting complete
cogs.casino : rulet : 213 : 11/09/2021 11:08:51 PM : DEBUG : called command rulet
database : fetch_user : 108 : 11/09/2021 11:08:51 PM : DEBUG : searching user
database : fetch_user : 116 : 11/09/2021 11:08:51 PM : DEBUG : finded user
cogs.casino : on_raw_reaction_add : 271 : 11/09/2021 11:08:52 PM : DEBUG : reaction added
cogs.casino : on_raw_reaction_add : 271 : 11/09/2021 11:08:52 PM : DEBUG : reaction added
cogs.casino : on_raw_reaction_add : 271 : 11/09/2021 11:08:52 PM : DEBUG : reaction added
cogs.casino : on_raw_reaction_add : 271 : 11/09/2021 11:08:53 PM : DEBUG : reaction added
cogs.casino : on_raw_reaction_add : 271 : 11/09/2021 11:08:53 PM : DEBUG : reaction added
cogs.casino : on_raw_reaction_add : 271 : 11/09/2021 11:08:54 PM : DEBUG : reaction added
cogs.casino : on_raw_reaction_add : 271 : 11/09/2021 11:08:54 PM : DEBUG : reaction added
cogs.casino : on_raw_reaction_add : 271 : 11/09/2021 11:08:55 PM : DEBUG : reaction added
cogs.casino : on_raw_reaction_add : 271 : 11/09/2021 11:08:55 PM : DEBUG : reaction added
cogs.casino : on_raw_reaction_add : 271 : 11/09/2021 11:08:56 PM : DEBUG : reaction added
cogs.casino : on_raw_reaction_add : 271 : 11/09/2021 11:08:57 PM : DEBUG : reaction added
database : connect : 23 : 11/09/2021 11:12:19 PM : DEBUG : connecting to cluster...
database : connect : 26 : 11/09/2021 11:12:20 PM : INFO : connected to cluster, aviable databases: casino, jackbox, serverdb, userstates, admin, local
database : connect : 27 : 11/09/2021 11:12:20 PM : DEBUG : {'version': '4.4.8', 'gitVersion': '83b8bb8b6b325d8d8d3dfd2ad9f744bdad7d6ca0', 'modules': ['enterprise'], 'allocator': 'tcmalloc', 'javascriptEngine': 'mozjs', 'sysInfo': 'deprecated', 'versionArray': [4, 4, 8, 0], 'openssl': {'running': 'OpenSSL 1.0.1e-fips 11 Feb 2013', 'compiled': 'OpenSSL 1.0.1e-fips 11 Feb 2013'}, 'buildEnvironment': {'distmod': 'rhel70', 'distarch': 'x86_64', 'cc': '/opt/mongodbtoolchain/v3/bin/gcc: gcc (GCC) 8.5.0', 'ccflags': '-fno-omit-frame-pointer -fno-strict-aliasing -fasynchronous-unwind-tables -ggdb -pthread -Wall -Wsign-compare -Wno-unknown-pragmas -Winvalid-pch -Werror -O2 -Wno-unused-local-typedefs -Wno-unused-function -Wno-deprecated-declarations -Wno-unused-const-variable -Wno-unused-but-set-variable -Wno-missing-braces -fstack-protector-strong -fno-builtin-memcmp', 'cxx': '/opt/mongodbtoolchain/v3/bin/g++: g++ (GCC) 8.5.0', 'cxxflags': '-Woverloaded-virtual -Wno-maybe-uninitialized -fsized-deallocation -std=c++17', 'linkflags': '-pthread -Wl,-z,now -rdynamic -Wl,--fatal-warnings -fstack-protector-strong -fuse-ld=gold -Wl,--no-threads -Wl,--build-id -Wl,--hash-style=gnu -Wl,-z,noexecstack -Wl,--warn-execstack -Wl,-z,relro -Wl,-rpath,/usr/lib64/perl5/CORE -Wl,-z,origin -Wl,--enable-new-dtags', 'target_arch': 'x86_64', 'target_os': 'linux', 'cppdefines': 'SAFEINT_USE_INTRINSICS 0 PCRE_STATIC NDEBUG _XOPEN_SOURCE 700 _GNU_SOURCE _FORTIFY_SOURCE 2 BOOST_THREAD_VERSION 5 BOOST_THREAD_USES_DATETIME BOOST_SYSTEM_NO_DEPRECATED BOOST_MATH_NO_LONG_DOUBLE_MATH_FUNCTIONS BOOST_ENABLE_ASSERT_DEBUG_HANDLER BOOST_LOG_NO_SHORTHAND_NAMES BOOST_LOG_USE_NATIVE_SYSLOG BOOST_LOG_WITHOUT_THREAD_ATTR ABSL_FORCE_ALIGNED_ACCESS'}, 'bits': 64, 'debug': False, 'maxBsonObjectSize': 16777216, 'storageEngines': ['biggie', 'devnull', 'ephemeralForTest', 'inMemory', 'queryable_wt', 'wiredTiger'], 'ok': 1.0, '$clusterTime': {'clusterTime': Timestamp(1631391140, 2), 'signature': {'hash': b'\x16V\x04\xdfu\xe1\x13\x9b\xf1\xdaRO\x11\xed\xdc\x11<3n\xc4', 'keyId': 6957767489610579969}}, 'operationTime': Timestamp(1631391140, 2)}
database : connect : 32 : 11/09/2021 11:12:20 PM : INFO : connected to database: casino
__main__ : <module> : 14 : 11/09/2021 11:12:20 PM : INFO : starting...
__main__ : <module> : 43 : 11/09/2021 11:12:20 PM : DEBUG : loading extensions...
main : <module> : 14 : 11/09/2021 11:12:20 PM : INFO : starting...
main : <module> : 43 : 11/09/2021 11:12:21 PM : DEBUG : loading extensions...
cogs.casino : __init__ : 130 : 11/09/2021 11:12:21 PM : INFO : cogs.casino Cog has initialized
cogs.error_handler : __init__ : 17 : 11/09/2021 11:12:21 PM : INFO : cogs.error_handler Cog has initialized
main : <module> : 46 : 11/09/2021 11:12:21 PM : DEBUG : loading complete
main : on_ready : 28 : 11/09/2021 11:12:23 PM : INFO : bot is started
database : delete_user : 142 : 11/09/2021 11:12:23 PM : DEBUG : deleting user...
database : delete_user : 148 : 11/09/2021 11:12:23 PM : DEBUG : deleting complete
cogs.casino : rulet : 213 : 11/09/2021 11:12:46 PM : DEBUG : called command rulet
database : fetch_user : 108 : 11/09/2021 11:12:46 PM : DEBUG : searching user
database : fetch_user : 116 : 11/09/2021 11:12:46 PM : DEBUG : finded user
cogs.casino : on_raw_reaction_add : 271 : 11/09/2021 11:12:46 PM : DEBUG : reaction added
cogs.casino : on_raw_reaction_add : 271 : 11/09/2021 11:12:47 PM : DEBUG : reaction added
cogs.casino : on_raw_reaction_add : 271 : 11/09/2021 11:12:47 PM : DEBUG : reaction added
cogs.casino : on_raw_reaction_add : 271 : 11/09/2021 11:12:48 PM : DEBUG : reaction added
cogs.casino : on_raw_reaction_add : 271 : 11/09/2021 11:12:48 PM : DEBUG : reaction added
cogs.casino : on_raw_reaction_add : 271 : 11/09/2021 11:12:49 PM : DEBUG : reaction added
cogs.casino : on_raw_reaction_add : 271 : 11/09/2021 11:12:49 PM : DEBUG : reaction added
cogs.casino : on_raw_reaction_add : 271 : 11/09/2021 11:12:50 PM : DEBUG : reaction added
cogs.casino : on_raw_reaction_add : 271 : 11/09/2021 11:12:50 PM : DEBUG : reaction added
cogs.casino : on_raw_reaction_add : 271 : 11/09/2021 11:12:51 PM : DEBUG : reaction added
cogs.casino : on_raw_reaction_add : 271 : 11/09/2021 11:12:51 PM : DEBUG : reaction added
cogs.casino : __emoji_handler : 168 : 11/09/2021 11:12:51 PM : DEBUG : editing money
cogs.casino : on_raw_reaction_remove : 277 : 11/09/2021 11:12:53 PM : DEBUG : reaction removed
cogs.casino : __emoji_handler : 168 : 11/09/2021 11:12:53 PM : DEBUG : editing money
cogs.casino : on_raw_reaction_add : 271 : 11/09/2021 11:12:55 PM : DEBUG : reaction added
cogs.casino : on_raw_reaction_remove : 277 : 11/09/2021 11:13:27 PM : DEBUG : reaction removed
cogs.casino : on_raw_reaction_add : 271 : 11/09/2021 11:13:36 PM : DEBUG : reaction added
cogs.casino : on_raw_reaction_remove : 277 : 11/09/2021 11:13:46 PM : DEBUG : reaction removed
cogs.casino : on_raw_reaction_add : 271 : 11/09/2021 11:13:52 PM : DEBUG : reaction added
cogs.casino : on_raw_reaction_remove : 277 : 11/09/2021 11:13:56 PM : DEBUG : reaction removed
cogs.casino : on_raw_reaction_add : 271 : 11/09/2021 11:13:57 PM : DEBUG : reaction added
database : connect : 23 : 11/09/2021 11:14:51 PM : DEBUG : connecting to cluster...
database : connect : 26 : 11/09/2021 11:14:53 PM : INFO : connected to cluster, aviable databases: casino, jackbox, serverdb, userstates, admin, local
database : connect : 27 : 11/09/2021 11:14:53 PM : DEBUG : {'version': '4.4.8', 'gitVersion': '83b8bb8b6b325d8d8d3dfd2ad9f744bdad7d6ca0', 'modules': ['enterprise'], 'allocator': 'tcmalloc', 'javascriptEngine': 'mozjs', 'sysInfo': 'deprecated', 'versionArray': [4, 4, 8, 0], 'openssl': {'running': 'OpenSSL 1.0.1e-fips 11 Feb 2013', 'compiled': 'OpenSSL 1.0.1e-fips 11 Feb 2013'}, 'buildEnvironment': {'distmod': 'rhel70', 'distarch': 'x86_64', 'cc': '/opt/mongodbtoolchain/v3/bin/gcc: gcc (GCC) 8.5.0', 'ccflags': '-fno-omit-frame-pointer -fno-strict-aliasing -fasynchronous-unwind-tables -ggdb -pthread -Wall -Wsign-compare -Wno-unknown-pragmas -Winvalid-pch -Werror -O2 -Wno-unused-local-typedefs -Wno-unused-function -Wno-deprecated-declarations -Wno-unused-const-variable -Wno-unused-but-set-variable -Wno-missing-braces -fstack-protector-strong -fno-builtin-memcmp', 'cxx': '/opt/mongodbtoolchain/v3/bin/g++: g++ (GCC) 8.5.0', 'cxxflags': '-Woverloaded-virtual -Wno-maybe-uninitialized -fsized-deallocation -std=c++17', 'linkflags': '-pthread -Wl,-z,now -rdynamic -Wl,--fatal-warnings -fstack-protector-strong -fuse-ld=gold -Wl,--no-threads -Wl,--build-id -Wl,--hash-style=gnu -Wl,-z,noexecstack -Wl,--warn-execstack -Wl,-z,relro -Wl,-rpath,/usr/lib64/perl5/CORE -Wl,-z,origin -Wl,--enable-new-dtags', 'target_arch': 'x86_64', 'target_os': 'linux', 'cppdefines': 'SAFEINT_USE_INTRINSICS 0 PCRE_STATIC NDEBUG _XOPEN_SOURCE 700 _GNU_SOURCE _FORTIFY_SOURCE 2 BOOST_THREAD_VERSION 5 BOOST_THREAD_USES_DATETIME BOOST_SYSTEM_NO_DEPRECATED BOOST_MATH_NO_LONG_DOUBLE_MATH_FUNCTIONS BOOST_ENABLE_ASSERT_DEBUG_HANDLER BOOST_LOG_NO_SHORTHAND_NAMES BOOST_LOG_USE_NATIVE_SYSLOG BOOST_LOG_WITHOUT_THREAD_ATTR ABSL_FORCE_ALIGNED_ACCESS'}, 'bits': 64, 'debug': False, 'maxBsonObjectSize': 16777216, 'storageEngines': ['biggie', 'devnull', 'ephemeralForTest', 'inMemory', 'queryable_wt', 'wiredTiger'], 'ok': 1.0, '$clusterTime': {'clusterTime': Timestamp(1631391292, 1), 'signature': {'hash': b'\xf5\x06 \x06\x04\xf9\x007\x13\x85/[\x80\xb1\xcf\x08h\x93g\x89', 'keyId': 6957767489610579969}}, 'operationTime': Timestamp(1631391292, 1)}
database : connect : 32 : 11/09/2021 11:14:53 PM : INFO : connected to database: casino
__main__ : <module> : 14 : 11/09/2021 11:14:53 PM : INFO : starting...
__main__ : <module> : 43 : 11/09/2021 11:14:53 PM : DEBUG : loading extensions...
main : <module> : 14 : 11/09/2021 11:14:53 PM : INFO : starting...
main : <module> : 43 : 11/09/2021 11:14:53 PM : DEBUG : loading extensions...
cogs.casino : __init__ : 130 : 11/09/2021 11:14:53 PM : INFO : cogs.casino Cog has initialized
cogs.error_handler : __init__ : 17 : 11/09/2021 11:14:53 PM : INFO : cogs.error_handler Cog has initialized
main : <module> : 46 : 11/09/2021 11:14:53 PM : DEBUG : loading complete
main : on_ready : 28 : 11/09/2021 11:14:56 PM : INFO : bot is started
database : delete_user : 142 : 11/09/2021 11:14:56 PM : DEBUG : deleting user...
database : delete_user : 148 : 11/09/2021 11:14:56 PM : DEBUG : deleting complete
cogs.casino : rulet : 213 : 11/09/2021 11:15:19 PM : DEBUG : called command rulet
database : fetch_user : 108 : 11/09/2021 11:15:19 PM : DEBUG : searching user
database : fetch_user : 116 : 11/09/2021 11:15:19 PM : DEBUG : finded user
cogs.casino : on_raw_reaction_add : 271 : 11/09/2021 11:15:19 PM : DEBUG : reaction added
cogs.casino : on_raw_reaction_add : 271 : 11/09/2021 11:15:20 PM : DEBUG : reaction added
cogs.casino : on_raw_reaction_add : 271 : 11/09/2021 11:15:20 PM : DEBUG : reaction added
cogs.casino : on_raw_reaction_add : 271 : 11/09/2021 11:15:21 PM : DEBUG : reaction added
cogs.casino : on_raw_reaction_add : 271 : 11/09/2021 11:15:21 PM : DEBUG : reaction added
cogs.casino : on_raw_reaction_add : 271 : 11/09/2021 11:15:22 PM : DEBUG : reaction added
cogs.casino : on_raw_reaction_add : 271 : 11/09/2021 11:15:22 PM : DEBUG : reaction added
cogs.casino : on_raw_reaction_add : 271 : 11/09/2021 11:15:23 PM : DEBUG : reaction added
cogs.casino : on_raw_reaction_add : 271 : 11/09/2021 11:15:23 PM : DEBUG : reaction added
cogs.casino : on_raw_reaction_add : 271 : 11/09/2021 11:15:24 PM : DEBUG : reaction added
cogs.casino : on_raw_reaction_add : 271 : 11/09/2021 11:15:27 PM : DEBUG : reaction added
cogs.casino : on_raw_reaction_remove : 277 : 11/09/2021 11:15:30 PM : DEBUG : reaction removed
cogs.casino : on_raw_reaction_add : 271 : 11/09/2021 11:15:32 PM : DEBUG : reaction added
cogs.casino : on_raw_reaction_remove : 277 : 11/09/2021 11:15:34 PM : DEBUG : reaction removed
database : connect : 23 : 11/09/2021 11:16:21 PM : DEBUG : connecting to cluster...
database : connect : 26 : 11/09/2021 11:16:22 PM : INFO : connected to cluster, aviable databases: casino, jackbox, serverdb, userstates, admin, local
database : connect : 27 : 11/09/2021 11:16:22 PM : DEBUG : {'version': '4.4.8', 'gitVersion': '83b8bb8b6b325d8d8d3dfd2ad9f744bdad7d6ca0', 'modules': ['enterprise'], 'allocator': 'tcmalloc', 'javascriptEngine': 'mozjs', 'sysInfo': 'deprecated', 'versionArray': [4, 4, 8, 0], 'openssl': {'running': 'OpenSSL 1.0.1e-fips 11 Feb 2013', 'compiled': 'OpenSSL 1.0.1e-fips 11 Feb 2013'}, 'buildEnvironment': {'distmod': 'rhel70', 'distarch': 'x86_64', 'cc': '/opt/mongodbtoolchain/v3/bin/gcc: gcc (GCC) 8.5.0', 'ccflags': '-fno-omit-frame-pointer -fno-strict-aliasing -fasynchronous-unwind-tables -ggdb -pthread -Wall -Wsign-compare -Wno-unknown-pragmas -Winvalid-pch -Werror -O2 -Wno-unused-local-typedefs -Wno-unused-function -Wno-deprecated-declarations -Wno-unused-const-variable -Wno-unused-but-set-variable -Wno-missing-braces -fstack-protector-strong -fno-builtin-memcmp', 'cxx': '/opt/mongodbtoolchain/v3/bin/g++: g++ (GCC) 8.5.0', 'cxxflags': '-Woverloaded-virtual -Wno-maybe-uninitialized -fsized-deallocation -std=c++17', 'linkflags': '-pthread -Wl,-z,now -rdynamic -Wl,--fatal-warnings -fstack-protector-strong -fuse-ld=gold -Wl,--no-threads -Wl,--build-id -Wl,--hash-style=gnu -Wl,-z,noexecstack -Wl,--warn-execstack -Wl,-z,relro -Wl,-rpath,/usr/lib64/perl5/CORE -Wl,-z,origin -Wl,--enable-new-dtags', 'target_arch': 'x86_64', 'target_os': 'linux', 'cppdefines': 'SAFEINT_USE_INTRINSICS 0 PCRE_STATIC NDEBUG _XOPEN_SOURCE 700 _GNU_SOURCE _FORTIFY_SOURCE 2 BOOST_THREAD_VERSION 5 BOOST_THREAD_USES_DATETIME BOOST_SYSTEM_NO_DEPRECATED BOOST_MATH_NO_LONG_DOUBLE_MATH_FUNCTIONS BOOST_ENABLE_ASSERT_DEBUG_HANDLER BOOST_LOG_NO_SHORTHAND_NAMES BOOST_LOG_USE_NATIVE_SYSLOG BOOST_LOG_WITHOUT_THREAD_ATTR ABSL_FORCE_ALIGNED_ACCESS'}, 'bits': 64, 'debug': False, 'maxBsonObjectSize': 16777216, 'storageEngines': ['biggie', 'devnull', 'ephemeralForTest', 'inMemory', 'queryable_wt', 'wiredTiger'], 'ok': 1.0, '$clusterTime': {'clusterTime': Timestamp(1631391381, 1), 'signature': {'hash': b'\x04u\x19\xc1\xa4\xe8\xfb[%\x19\xd4\xe6\xd1-\x80\xec0\xb3;\x80', 'keyId': 6957767489610579969}}, 'operationTime': Timestamp(1631391381, 1)}
database : connect : 32 : 11/09/2021 11:16:22 PM : INFO : connected to database: casino
__main__ : <module> : 14 : 11/09/2021 11:16:22 PM : INFO : starting...
__main__ : <module> : 43 : 11/09/2021 11:16:22 PM : DEBUG : loading extensions...
main : <module> : 14 : 11/09/2021 11:16:22 PM : INFO : starting...
main : <module> : 43 : 11/09/2021 11:16:22 PM : DEBUG : loading extensions...
cogs.casino : __init__ : 130 : 11/09/2021 11:16:22 PM : INFO : cogs.casino Cog has initialized
cogs.error_handler : __init__ : 17 : 11/09/2021 11:16:22 PM : INFO : cogs.error_handler Cog has initialized
main : <module> : 46 : 11/09/2021 11:16:22 PM : DEBUG : loading complete
main : on_ready : 28 : 11/09/2021 11:16:25 PM : INFO : bot is started
database : delete_user : 142 : 11/09/2021 11:16:25 PM : DEBUG : deleting user...
database : delete_user : 148 : 11/09/2021 11:16:25 PM : DEBUG : deleting complete
cogs.casino : rulet : 213 : 11/09/2021 11:17:57 PM : DEBUG : called command rulet
database : fetch_user : 108 : 11/09/2021 11:17:57 PM : DEBUG : searching user
database : fetch_user : 116 : 11/09/2021 11:17:57 PM : DEBUG : finded user
cogs.casino : on_raw_reaction_add : 271 : 11/09/2021 11:17:58 PM : DEBUG : reaction added
cogs.casino : on_raw_reaction_add : 271 : 11/09/2021 11:17:58 PM : DEBUG : reaction added
cogs.casino : on_raw_reaction_add : 271 : 11/09/2021 11:17:59 PM : DEBUG : reaction added
cogs.casino : on_raw_reaction_add : 271 : 11/09/2021 11:17:59 PM : DEBUG : reaction added
cogs.casino : on_raw_reaction_add : 271 : 11/09/2021 11:18:00 PM : DEBUG : reaction added
cogs.casino : on_raw_reaction_add : 271 : 11/09/2021 11:18:01 PM : DEBUG : reaction added
cogs.casino : on_raw_reaction_add : 271 : 11/09/2021 11:18:01 PM : DEBUG : reaction added
cogs.casino : on_raw_reaction_add : 271 : 11/09/2021 11:18:02 PM : DEBUG : reaction added
cogs.casino : on_raw_reaction_add : 271 : 11/09/2021 11:18:02 PM : DEBUG : reaction added
cogs.casino : on_raw_reaction_add : 271 : 11/09/2021 11:18:02 PM : DEBUG : reaction added
cogs.casino : on_raw_reaction_add : 271 : 11/09/2021 11:18:06 PM : DEBUG : reaction added
cogs.casino : on_raw_reaction_remove : 277 : 11/09/2021 11:18:08 PM : DEBUG : reaction removed
database : connect : 23 : 11/09/2021 11:30:31 PM : DEBUG : connecting to cluster...
database : connect : 26 : 11/09/2021 11:30:32 PM : INFO : connected to cluster, aviable databases: casino, jackbox, serverdb, userstates, admin, local
database : connect : 27 : 11/09/2021 11:30:33 PM : DEBUG : {'version': '4.4.8', 'gitVersion': '83b8bb8b6b325d8d8d3dfd2ad9f744bdad7d6ca0', 'modules': ['enterprise'], 'allocator': 'tcmalloc', 'javascriptEngine': 'mozjs', 'sysInfo': 'deprecated', 'versionArray': [4, 4, 8, 0], 'openssl': {'running': 'OpenSSL 1.0.1e-fips 11 Feb 2013', 'compiled': 'OpenSSL 1.0.1e-fips 11 Feb 2013'}, 'buildEnvironment': {'distmod': 'rhel70', 'distarch': 'x86_64', 'cc': '/opt/mongodbtoolchain/v3/bin/gcc: gcc (GCC) 8.5.0', 'ccflags': '-fno-omit-frame-pointer -fno-strict-aliasing -fasynchronous-unwind-tables -ggdb -pthread -Wall -Wsign-compare -Wno-unknown-pragmas -Winvalid-pch -Werror -O2 -Wno-unused-local-typedefs -Wno-unused-function -Wno-deprecated-declarations -Wno-unused-const-variable -Wno-unused-but-set-variable -Wno-missing-braces -fstack-protector-strong -fno-builtin-memcmp', 'cxx': '/opt/mongodbtoolchain/v3/bin/g++: g++ (GCC) 8.5.0', 'cxxflags': '-Woverloaded-virtual -Wno-maybe-uninitialized -fsized-deallocation -std=c++17', 'linkflags': '-pthread -Wl,-z,now -rdynamic -Wl,--fatal-warnings -fstack-protector-strong -fuse-ld=gold -Wl,--no-threads -Wl,--build-id -Wl,--hash-style=gnu -Wl,-z,noexecstack -Wl,--warn-execstack -Wl,-z,relro -Wl,-rpath,/usr/lib64/perl5/CORE -Wl,-z,origin -Wl,--enable-new-dtags', 'target_arch': 'x86_64', 'target_os': 'linux', 'cppdefines': 'SAFEINT_USE_INTRINSICS 0 PCRE_STATIC NDEBUG _XOPEN_SOURCE 700 _GNU_SOURCE _FORTIFY_SOURCE 2 BOOST_THREAD_VERSION 5 BOOST_THREAD_USES_DATETIME BOOST_SYSTEM_NO_DEPRECATED BOOST_MATH_NO_LONG_DOUBLE_MATH_FUNCTIONS BOOST_ENABLE_ASSERT_DEBUG_HANDLER BOOST_LOG_NO_SHORTHAND_NAMES BOOST_LOG_USE_NATIVE_SYSLOG BOOST_LOG_WITHOUT_THREAD_ATTR ABSL_FORCE_ALIGNED_ACCESS'}, 'bits': 64, 'debug': False, 'maxBsonObjectSize': 16777216, 'storageEngines': ['biggie', 'devnull', 'ephemeralForTest', 'inMemory', 'queryable_wt', 'wiredTiger'], 'ok': 1.0, '$clusterTime': {'clusterTime': Timestamp(1631392232, 1), 'signature': {'hash': b'\x80\xf1,Y\xe2\xb4M(\xc2\xc9\x08\xe6\xc8\t\x97\xbe\xc6\x0e\xaf\xe7', 'keyId': 6957767489610579969}}, 'operationTime': Timestamp(1631392232, 1)}
database : connect : 32 : 11/09/2021 11:30:33 PM : INFO : connected to database: casino
__main__ : <module> : 14 : 11/09/2021 11:30:33 PM : INFO : starting...
__main__ : <module> : 43 : 11/09/2021 11:30:33 PM : DEBUG : loading extensions...
main : <module> : 14 : 11/09/2021 11:30:33 PM : INFO : starting...
main : <module> : 43 : 11/09/2021 11:30:33 PM : DEBUG : loading extensions...
cogs.casino : __init__ : 131 : 11/09/2021 11:30:33 PM : INFO : cogs.casino Cog has initialized
cogs.error_handler : __init__ : 17 : 11/09/2021 11:30:33 PM : INFO : cogs.error_handler Cog has initialized
main : <module> : 46 : 11/09/2021 11:30:33 PM : DEBUG : loading complete
main : on_ready : 28 : 11/09/2021 11:30:35 PM : INFO : bot is started
database : delete_user : 142 : 11/09/2021 11:30:35 PM : DEBUG : deleting user...
database : delete_user : 148 : 11/09/2021 11:30:35 PM : DEBUG : deleting complete
cogs.casino : rulet : 215 : 11/09/2021 11:30:38 PM : DEBUG : called command rulet
database : fetch_user : 108 : 11/09/2021 11:30:38 PM : DEBUG : searching user
database : fetch_user : 116 : 11/09/2021 11:30:39 PM : DEBUG : finded user
cogs.casino : on_raw_reaction_add : 272 : 11/09/2021 11:30:39 PM : DEBUG : reaction added
cogs.casino : on_raw_reaction_add : 272 : 11/09/2021 11:30:40 PM : DEBUG : reaction added
cogs.casino : on_raw_reaction_add : 272 : 11/09/2021 11:30:40 PM : DEBUG : reaction added
cogs.casino : on_raw_reaction_add : 272 : 11/09/2021 11:30:41 PM : DEBUG : reaction added
cogs.casino : on_raw_reaction_add : 272 : 11/09/2021 11:30:41 PM : DEBUG : reaction added
cogs.casino : on_raw_reaction_add : 272 : 11/09/2021 11:30:42 PM : DEBUG : reaction added
cogs.casino : on_raw_reaction_add : 272 : 11/09/2021 11:30:42 PM : DEBUG : reaction added
cogs.casino : on_raw_reaction_add : 272 : 11/09/2021 11:30:43 PM : DEBUG : reaction added
cogs.casino : on_raw_reaction_add : 272 : 11/09/2021 11:30:43 PM : DEBUG : reaction added
cogs.casino : on_raw_reaction_add : 272 : 11/09/2021 11:30:44 PM : DEBUG : reaction added
cogs.casino : on_raw_reaction_add : 272 : 11/09/2021 11:30:46 PM : DEBUG : reaction added
cogs.casino : __emoji_handler : 173 : 11/09/2021 11:30:46 PM : DEBUG : Papr1ka, did not choose bet type
cogs.error_handler : on_error : 36 : 11/09/2021 11:30:46 PM : DEBUG : errors.NotEnoughMoney
models.rulet : __init__ : 67 : 11/09/2021 11:30:46 PM : DEBUG : Rulet initialized
cogs.casino : on_raw_reaction_remove : 278 : 11/09/2021 11:30:56 PM : DEBUG : reaction removed
cogs.casino : __emoji_handler : 173 : 11/09/2021 11:30:56 PM : DEBUG : Papr1ka, did not choose bet type
cogs.error_handler : on_error : 36 : 11/09/2021 11:30:56 PM : DEBUG : errors.NotEnoughMoney
models.rulet : __init__ : 67 : 11/09/2021 11:30:56 PM : DEBUG : Rulet initialized
database : connect : 23 : 11/09/2021 11:31:25 PM : DEBUG : connecting to cluster...
database : connect : 26 : 11/09/2021 11:31:26 PM : INFO : connected to cluster, aviable databases: casino, jackbox, serverdb, userstates, admin, local
database : connect : 27 : 11/09/2021 11:31:26 PM : DEBUG : {'version': '4.4.8', 'gitVersion': '83b8bb8b6b325d8d8d3dfd2ad9f744bdad7d6ca0', 'modules': ['enterprise'], 'allocator': 'tcmalloc', 'javascriptEngine': 'mozjs', 'sysInfo': 'deprecated', 'versionArray': [4, 4, 8, 0], 'openssl': {'running': 'OpenSSL 1.0.1e-fips 11 Feb 2013', 'compiled': 'OpenSSL 1.0.1e-fips 11 Feb 2013'}, 'buildEnvironment': {'distmod': 'rhel70', 'distarch': 'x86_64', 'cc': '/opt/mongodbtoolchain/v3/bin/gcc: gcc (GCC) 8.5.0', 'ccflags': '-fno-omit-frame-pointer -fno-strict-aliasing -fasynchronous-unwind-tables -ggdb -pthread -Wall -Wsign-compare -Wno-unknown-pragmas -Winvalid-pch -Werror -O2 -Wno-unused-local-typedefs -Wno-unused-function -Wno-deprecated-declarations -Wno-unused-const-variable -Wno-unused-but-set-variable -Wno-missing-braces -fstack-protector-strong -fno-builtin-memcmp', 'cxx': '/opt/mongodbtoolchain/v3/bin/g++: g++ (GCC) 8.5.0', 'cxxflags': '-Woverloaded-virtual -Wno-maybe-uninitialized -fsized-deallocation -std=c++17', 'linkflags': '-pthread -Wl,-z,now -rdynamic -Wl,--fatal-warnings -fstack-protector-strong -fuse-ld=gold -Wl,--no-threads -Wl,--build-id -Wl,--hash-style=gnu -Wl,-z,noexecstack -Wl,--warn-execstack -Wl,-z,relro -Wl,-rpath,/usr/lib64/perl5/CORE -Wl,-z,origin -Wl,--enable-new-dtags', 'target_arch': 'x86_64', 'target_os': 'linux', 'cppdefines': 'SAFEINT_USE_INTRINSICS 0 PCRE_STATIC NDEBUG _XOPEN_SOURCE 700 _GNU_SOURCE _FORTIFY_SOURCE 2 BOOST_THREAD_VERSION 5 BOOST_THREAD_USES_DATETIME BOOST_SYSTEM_NO_DEPRECATED BOOST_MATH_NO_LONG_DOUBLE_MATH_FUNCTIONS BOOST_ENABLE_ASSERT_DEBUG_HANDLER BOOST_LOG_NO_SHORTHAND_NAMES BOOST_LOG_USE_NATIVE_SYSLOG BOOST_LOG_WITHOUT_THREAD_ATTR ABSL_FORCE_ALIGNED_ACCESS'}, 'bits': 64, 'debug': False, 'maxBsonObjectSize': 16777216, 'storageEngines': ['biggie', 'devnull', 'ephemeralForTest', 'inMemory', 'queryable_wt', 'wiredTiger'], 'ok': 1.0, '$clusterTime': {'clusterTime': Timestamp(1631392286, 1), 'signature': {'hash': b'\x95\x00\t\xe8\xe6\xdcY\x01\xb9z\x9f)\x03\xa4G\xfc\x0c\xdaX\xe4', 'keyId': 6957767489610579969}}, 'operationTime': Timestamp(1631392286, 1)}
database : connect : 32 : 11/09/2021 11:31:26 PM : INFO : connected to database: casino
__main__ : <module> : 14 : 11/09/2021 11:31:26 PM : INFO : starting...
__main__ : <module> : 43 : 11/09/2021 11:31:26 PM : DEBUG : loading extensions...
main : <module> : 14 : 11/09/2021 11:31:26 PM : INFO : starting...
main : <module> : 43 : 11/09/2021 11:31:26 PM : DEBUG : loading extensions...
cogs.casino : __init__ : 131 : 11/09/2021 11:31:26 PM : INFO : cogs.casino Cog has initialized
cogs.error_handler : __init__ : 17 : 11/09/2021 11:31:26 PM : INFO : cogs.error_handler Cog has initialized
main : <module> : 46 : 11/09/2021 11:31:26 PM : DEBUG : loading complete
main : on_ready : 28 : 11/09/2021 11:31:29 PM : INFO : bot is started
database : delete_user : 142 : 11/09/2021 11:31:29 PM : DEBUG : deleting user...
database : delete_user : 148 : 11/09/2021 11:31:29 PM : DEBUG : deleting complete
database : connect : 23 : 11/09/2021 11:32:00 PM : DEBUG : connecting to cluster...
database : connect : 26 : 11/09/2021 11:32:02 PM : INFO : connected to cluster, aviable databases: casino, jackbox, serverdb, userstates, admin, local
database : connect : 27 : 11/09/2021 11:32:02 PM : DEBUG : {'version': '4.4.8', 'gitVersion': '83b8bb8b6b325d8d8d3dfd2ad9f744bdad7d6ca0', 'modules': ['enterprise'], 'allocator': 'tcmalloc', 'javascriptEngine': 'mozjs', 'sysInfo': 'deprecated', 'versionArray': [4, 4, 8, 0], 'openssl': {'running': 'OpenSSL 1.0.1e-fips 11 Feb 2013', 'compiled': 'OpenSSL 1.0.1e-fips 11 Feb 2013'}, 'buildEnvironment': {'distmod': 'rhel70', 'distarch': 'x86_64', 'cc': '/opt/mongodbtoolchain/v3/bin/gcc: gcc (GCC) 8.5.0', 'ccflags': '-fno-omit-frame-pointer -fno-strict-aliasing -fasynchronous-unwind-tables -ggdb -pthread -Wall -Wsign-compare -Wno-unknown-pragmas -Winvalid-pch -Werror -O2 -Wno-unused-local-typedefs -Wno-unused-function -Wno-deprecated-declarations -Wno-unused-const-variable -Wno-unused-but-set-variable -Wno-missing-braces -fstack-protector-strong -fno-builtin-memcmp', 'cxx': '/opt/mongodbtoolchain/v3/bin/g++: g++ (GCC) 8.5.0', 'cxxflags': '-Woverloaded-virtual -Wno-maybe-uninitialized -fsized-deallocation -std=c++17', 'linkflags': '-pthread -Wl,-z,now -rdynamic -Wl,--fatal-warnings -fstack-protector-strong -fuse-ld=gold -Wl,--no-threads -Wl,--build-id -Wl,--hash-style=gnu -Wl,-z,noexecstack -Wl,--warn-execstack -Wl,-z,relro -Wl,-rpath,/usr/lib64/perl5/CORE -Wl,-z,origin -Wl,--enable-new-dtags', 'target_arch': 'x86_64', 'target_os': 'linux', 'cppdefines': 'SAFEINT_USE_INTRINSICS 0 PCRE_STATIC NDEBUG _XOPEN_SOURCE 700 _GNU_SOURCE _FORTIFY_SOURCE 2 BOOST_THREAD_VERSION 5 BOOST_THREAD_USES_DATETIME BOOST_SYSTEM_NO_DEPRECATED BOOST_MATH_NO_LONG_DOUBLE_MATH_FUNCTIONS BOOST_ENABLE_ASSERT_DEBUG_HANDLER BOOST_LOG_NO_SHORTHAND_NAMES BOOST_LOG_USE_NATIVE_SYSLOG BOOST_LOG_WITHOUT_THREAD_ATTR ABSL_FORCE_ALIGNED_ACCESS'}, 'bits': 64, 'debug': False, 'maxBsonObjectSize': 16777216, 'storageEngines': ['biggie', 'devnull', 'ephemeralForTest', 'inMemory', 'queryable_wt', 'wiredTiger'], 'ok': 1.0, '$clusterTime': {'clusterTime': Timestamp(1631392321, 1), 'signature': {'hash': b'\x15\xe5[)\x90\x951\x98\xf7^jF\x96>\xe5\r\x04\xb3\x15(', 'keyId': 6957767489610579969}}, 'operationTime': Timestamp(1631392321, 1)}
database : connect : 32 : 11/09/2021 11:32:02 PM : INFO : connected to database: casino
__main__ : <module> : 14 : 11/09/2021 11:32:02 PM : INFO : starting...
__main__ : <module> : 43 : 11/09/2021 11:32:02 PM : DEBUG : loading extensions...
main : <module> : 14 : 11/09/2021 11:32:02 PM : INFO : starting...
main : <module> : 43 : 11/09/2021 11:32:02 PM : DEBUG : loading extensions...
cogs.casino : __init__ : 131 : 11/09/2021 11:32:02 PM : INFO : cogs.casino Cog has initialized
cogs.error_handler : __init__ : 17 : 11/09/2021 11:32:02 PM : INFO : cogs.error_handler Cog has initialized
main : <module> : 46 : 11/09/2021 11:32:02 PM : DEBUG : loading complete
main : on_ready : 28 : 11/09/2021 11:32:05 PM : INFO : bot is started
database : delete_user : 142 : 11/09/2021 11:32:05 PM : DEBUG : deleting user...
database : delete_user : 148 : 11/09/2021 11:32:05 PM : DEBUG : deleting complete
cogs.casino : rulet : 216 : 11/09/2021 11:32:12 PM : DEBUG : called command rulet
database : fetch_user : 108 : 11/09/2021 11:32:12 PM : DEBUG : searching user
database : fetch_user : 116 : 11/09/2021 11:32:12 PM : DEBUG : finded user
cogs.casino : on_raw_reaction_add : 273 : 11/09/2021 11:32:12 PM : DEBUG : reaction added
cogs.casino : on_raw_reaction_add : 273 : 11/09/2021 11:32:13 PM : DEBUG : reaction added
cogs.casino : on_raw_reaction_add : 273 : 11/09/2021 11:32:13 PM : DEBUG : reaction added
cogs.casino : on_raw_reaction_add : 273 : 11/09/2021 11:32:14 PM : DEBUG : reaction added
cogs.casino : on_raw_reaction_add : 273 : 11/09/2021 11:32:14 PM : DEBUG : reaction added
cogs.casino : on_raw_reaction_add : 273 : 11/09/2021 11:32:15 PM : DEBUG : reaction added
cogs.casino : on_raw_reaction_add : 273 : 11/09/2021 11:32:15 PM : DEBUG : reaction added
cogs.casino : on_raw_reaction_add : 273 : 11/09/2021 11:32:16 PM : DEBUG : reaction added
cogs.casino : on_raw_reaction_add : 273 : 11/09/2021 11:32:16 PM : DEBUG : reaction added
cogs.casino : on_raw_reaction_add : 273 : 11/09/2021 11:32:17 PM : DEBUG : reaction added
cogs.casino : on_raw_reaction_add : 273 : 11/09/2021 11:32:18 PM : DEBUG : reaction added
cogs.casino : __emoji_handler : 173 : 11/09/2021 11:32:18 PM : DEBUG : Papr1ka, did not choose bet type
cogs.error_handler : on_error : 36 : 11/09/2021 11:32:18 PM : DEBUG : errors.NotEnoughMoney
cogs.casino : on_raw_reaction_remove : 279 : 11/09/2021 11:32:24 PM : DEBUG : reaction removed
cogs.casino : __emoji_handler : 173 : 11/09/2021 11:32:24 PM : DEBUG : Papr1ka, did not choose bet type
cogs.error_handler : on_error : 36 : 11/09/2021 11:32:24 PM : DEBUG : errors.NotEnoughMoney
cogs.casino : on_raw_reaction_add : 273 : 11/09/2021 11:32:27 PM : DEBUG : reaction added
cogs.casino : __emoji_handler : 173 : 11/09/2021 11:32:27 PM : DEBUG : Papr1ka, did not choose bet type
cogs.error_handler : on_error : 36 : 11/09/2021 11:32:27 PM : DEBUG : errors.NotEnoughMoney
cogs.casino : on_raw_reaction_remove : 279 : 11/09/2021 11:32:33 PM : DEBUG : reaction removed
cogs.casino : __emoji_handler : 173 : 11/09/2021 11:32:33 PM : DEBUG : Papr1ka, did not choose bet type
cogs.error_handler : on_error : 36 : 11/09/2021 11:32:33 PM : DEBUG : errors.NotEnoughMoney
cogs.casino : on_raw_reaction_add : 273 : 11/09/2021 11:32:35 PM : DEBUG : reaction added
cogs.casino : __emoji_handler : 173 : 11/09/2021 11:32:35 PM : DEBUG : Papr1ka, did not choose bet type
cogs.error_handler : on_error : 36 : 11/09/2021 11:32:35 PM : DEBUG : errors.NotEnoughMoney
cogs.casino : on_raw_reaction_add : 273 : 11/09/2021 11:32:37 PM : DEBUG : reaction added
cogs.casino : __emoji_handler : 165 : 11/09/2021 11:32:37 PM : DEBUG : editing bet_type_type
cogs.casino : on_raw_reaction_remove : 279 : 11/09/2021 11:32:40 PM : DEBUG : reaction removed
models.rulet : __init__ : 67 : 11/09/2021 11:32:40 PM : DEBUG : Rulet initialized
database : connect : 23 : 11/09/2021 11:34:16 PM : DEBUG : connecting to cluster...
database : connect : 26 : 11/09/2021 11:34:18 PM : INFO : connected to cluster, aviable databases: casino, jackbox, serverdb, userstates, admin, local
database : connect : 27 : 11/09/2021 11:34:18 PM : DEBUG : {'version': '4.4.8', 'gitVersion': '83b8bb8b6b325d8d8d3dfd2ad9f744bdad7d6ca0', 'modules': ['enterprise'], 'allocator': 'tcmalloc', 'javascriptEngine': 'mozjs', 'sysInfo': 'deprecated', 'versionArray': [4, 4, 8, 0], 'openssl': {'running': 'OpenSSL 1.0.1e-fips 11 Feb 2013', 'compiled': 'OpenSSL 1.0.1e-fips 11 Feb 2013'}, 'buildEnvironment': {'distmod': 'rhel70', 'distarch': 'x86_64', 'cc': '/opt/mongodbtoolchain/v3/bin/gcc: gcc (GCC) 8.5.0', 'ccflags': '-fno-omit-frame-pointer -fno-strict-aliasing -fasynchronous-unwind-tables -ggdb -pthread -Wall -Wsign-compare -Wno-unknown-pragmas -Winvalid-pch -Werror -O2 -Wno-unused-local-typedefs -Wno-unused-function -Wno-deprecated-declarations -Wno-unused-const-variable -Wno-unused-but-set-variable -Wno-missing-braces -fstack-protector-strong -fno-builtin-memcmp', 'cxx': '/opt/mongodbtoolchain/v3/bin/g++: g++ (GCC) 8.5.0', 'cxxflags': '-Woverloaded-virtual -Wno-maybe-uninitialized -fsized-deallocation -std=c++17', 'linkflags': '-pthread -Wl,-z,now -rdynamic -Wl,--fatal-warnings -fstack-protector-strong -fuse-ld=gold -Wl,--no-threads -Wl,--build-id -Wl,--hash-style=gnu -Wl,-z,noexecstack -Wl,--warn-execstack -Wl,-z,relro -Wl,-rpath,/usr/lib64/perl5/CORE -Wl,-z,origin -Wl,--enable-new-dtags', 'target_arch': 'x86_64', 'target_os': 'linux', 'cppdefines': 'SAFEINT_USE_INTRINSICS 0 PCRE_STATIC NDEBUG _XOPEN_SOURCE 700 _GNU_SOURCE _FORTIFY_SOURCE 2 BOOST_THREAD_VERSION 5 BOOST_THREAD_USES_DATETIME BOOST_SYSTEM_NO_DEPRECATED BOOST_MATH_NO_LONG_DOUBLE_MATH_FUNCTIONS BOOST_ENABLE_ASSERT_DEBUG_HANDLER BOOST_LOG_NO_SHORTHAND_NAMES BOOST_LOG_USE_NATIVE_SYSLOG BOOST_LOG_WITHOUT_THREAD_ATTR ABSL_FORCE_ALIGNED_ACCESS'}, 'bits': 64, 'debug': False, 'maxBsonObjectSize': 16777216, 'storageEngines': ['biggie', 'devnull', 'ephemeralForTest', 'inMemory', 'queryable_wt', 'wiredTiger'], 'ok': 1.0, '$clusterTime': {'clusterTime': Timestamp(1631392458, 1), 'signature': {'hash': b'(\xc5\xba/\xa59\xdc\xb4\xdb\xac\r\x87s\xd2\xb0o5\x9f\xe5f', 'keyId': 6957767489610579969}}, 'operationTime': Timestamp(1631392458, 1)}
database : connect : 32 : 11/09/2021 11:34:18 PM : INFO : connected to database: casino
__main__ : <module> : 14 : 11/09/2021 11:34:18 PM : INFO : starting...
__main__ : <module> : 43 : 11/09/2021 11:34:18 PM : DEBUG : loading extensions...
main : <module> : 14 : 11/09/2021 11:34:18 PM : INFO : starting...
main : <module> : 43 : 11/09/2021 11:34:18 PM : DEBUG : loading extensions...
cogs.casino : __init__ : 131 : 11/09/2021 11:34:18 PM : INFO : cogs.casino Cog has initialized
cogs.error_handler : __init__ : 17 : 11/09/2021 11:34:18 PM : INFO : cogs.error_handler Cog has initialized
main : <module> : 46 : 11/09/2021 11:34:18 PM : DEBUG : loading complete
main : on_ready : 28 : 11/09/2021 11:34:21 PM : INFO : bot is started
database : delete_user : 142 : 11/09/2021 11:34:21 PM : DEBUG : deleting user...
database : delete_user : 148 : 11/09/2021 11:34:21 PM : DEBUG : deleting complete
cogs.casino : rulet : 216 : 11/09/2021 11:34:28 PM : DEBUG : called command rulet
database : fetch_user : 108 : 11/09/2021 11:34:28 PM : DEBUG : searching user
database : fetch_user : 116 : 11/09/2021 11:34:28 PM : DEBUG : finded user
cogs.casino : on_raw_reaction_add : 273 : 11/09/2021 11:34:28 PM : DEBUG : reaction added
cogs.casino : on_raw_reaction_add : 273 : 11/09/2021 11:34:29 PM : DEBUG : reaction added
cogs.casino : on_raw_reaction_add : 273 : 11/09/2021 11:34:29 PM : DEBUG : reaction added
cogs.casino : on_raw_reaction_add : 273 : 11/09/2021 11:34:30 PM : DEBUG : reaction added
cogs.casino : on_raw_reaction_add : 273 : 11/09/2021 11:34:30 PM : DEBUG : reaction added
cogs.casino : on_raw_reaction_add : 273 : 11/09/2021 11:34:31 PM : DEBUG : reaction added
cogs.casino : on_raw_reaction_add : 273 : 11/09/2021 11:34:31 PM : DEBUG : reaction added
cogs.casino : __emoji_handler : 165 : 11/09/2021 11:34:31 PM : DEBUG : editing bet_type_type
cogs.casino : on_raw_reaction_add : 273 : 11/09/2021 11:34:31 PM : DEBUG : reaction added
cogs.casino : on_raw_reaction_add : 273 : 11/09/2021 11:34:32 PM : DEBUG : reaction added
cogs.casino : on_raw_reaction_add : 273 : 11/09/2021 11:34:32 PM : DEBUG : reaction added
cogs.casino : on_raw_reaction_add : 273 : 11/09/2021 11:34:33 PM : DEBUG : reaction added
cogs.casino : on_raw_reaction_add : 273 : 11/09/2021 11:34:35 PM : DEBUG : reaction added
cogs.casino : __emoji_handler : 157 : 11/09/2021 11:34:35 PM : DEBUG : editing bet_type: -1
cogs.casino : on_raw_reaction_remove : 279 : 11/09/2021 11:34:36 PM : DEBUG : reaction removed
cogs.casino : __emoji_handler : 165 : 11/09/2021 11:34:36 PM : DEBUG : editing bet_type_type
cogs.casino : on_raw_reaction_add : 273 : 11/09/2021 11:34:38 PM : DEBUG : reaction added
cogs.casino : __emoji_handler : 161 : 11/09/2021 11:34:38 PM : DEBUG : editing bet_type: +1
cogs.casino : on_raw_reaction_add : 273 : 11/09/2021 11:34:39 PM : DEBUG : reaction added
cogs.casino : __emoji_handler : 173 : 11/09/2021 11:34:39 PM : DEBUG : Papr1ka, did not choose bet type
cogs.error_handler : on_error : 32 : 11/09/2021 11:34:39 PM : DEBUG : errors.NotEnoughMoney
cogs.casino : on_raw_reaction_add : 273 : 11/09/2021 11:34:41 PM : DEBUG : reaction added
cogs.casino : __emoji_handler : 165 : 11/09/2021 11:34:41 PM : DEBUG : editing bet_type_type
cogs.casino : on_raw_reaction_remove : 279 : 11/09/2021 11:34:42 PM : DEBUG : reaction removed
models.rulet : __init__ : 67 : 11/09/2021 11:34:42 PM : DEBUG : Rulet initialized
database : connect : 23 : 11/09/2021 11:36:13 PM : DEBUG : connecting to cluster...
database : connect : 26 : 11/09/2021 11:36:14 PM : INFO : connected to cluster, aviable databases: casino, jackbox, serverdb, userstates, admin, local
database : connect : 27 : 11/09/2021 11:36:15 PM : DEBUG : {'version': '4.4.8', 'gitVersion': '83b8bb8b6b325d8d8d3dfd2ad9f744bdad7d6ca0', 'modules': ['enterprise'], 'allocator': 'tcmalloc', 'javascriptEngine': 'mozjs', 'sysInfo': 'deprecated', 'versionArray': [4, 4, 8, 0], 'openssl': {'running': 'OpenSSL 1.0.1e-fips 11 Feb 2013', 'compiled': 'OpenSSL 1.0.1e-fips 11 Feb 2013'}, 'buildEnvironment': {'distmod': 'rhel70', 'distarch': 'x86_64', 'cc': '/opt/mongodbtoolchain/v3/bin/gcc: gcc (GCC) 8.5.0', 'ccflags': '-fno-omit-frame-pointer -fno-strict-aliasing -fasynchronous-unwind-tables -ggdb -pthread -Wall -Wsign-compare -Wno-unknown-pragmas -Winvalid-pch -Werror -O2 -Wno-unused-local-typedefs -Wno-unused-function -Wno-deprecated-declarations -Wno-unused-const-variable -Wno-unused-but-set-variable -Wno-missing-braces -fstack-protector-strong -fno-builtin-memcmp', 'cxx': '/opt/mongodbtoolchain/v3/bin/g++: g++ (GCC) 8.5.0', 'cxxflags': '-Woverloaded-virtual -Wno-maybe-uninitialized -fsized-deallocation -std=c++17', 'linkflags': '-pthread -Wl,-z,now -rdynamic -Wl,--fatal-warnings -fstack-protector-strong -fuse-ld=gold -Wl,--no-threads -Wl,--build-id -Wl,--hash-style=gnu -Wl,-z,noexecstack -Wl,--warn-execstack -Wl,-z,relro -Wl,-rpath,/usr/lib64/perl5/CORE -Wl,-z,origin -Wl,--enable-new-dtags', 'target_arch': 'x86_64', 'target_os': 'linux', 'cppdefines': 'SAFEINT_USE_INTRINSICS 0 PCRE_STATIC NDEBUG _XOPEN_SOURCE 700 _GNU_SOURCE _FORTIFY_SOURCE 2 BOOST_THREAD_VERSION 5 BOOST_THREAD_USES_DATETIME BOOST_SYSTEM_NO_DEPRECATED BOOST_MATH_NO_LONG_DOUBLE_MATH_FUNCTIONS BOOST_ENABLE_ASSERT_DEBUG_HANDLER BOOST_LOG_NO_SHORTHAND_NAMES BOOST_LOG_USE_NATIVE_SYSLOG BOOST_LOG_WITHOUT_THREAD_ATTR ABSL_FORCE_ALIGNED_ACCESS'}, 'bits': 64, 'debug': False, 'maxBsonObjectSize': 16777216, 'storageEngines': ['biggie', 'devnull', 'ephemeralForTest', 'inMemory', 'queryable_wt', 'wiredTiger'], 'ok': 1.0, '$clusterTime': {'clusterTime': Timestamp(1631392570, 8), 'signature': {'hash': b'g\x15\xf6\xf6!\xed\xa7\x81h\xdea\xb1\n5\xd084\xbe\x1f\x9c', 'keyId': 6957767489610579969}}, 'operationTime': Timestamp(1631392570, 8)}
database : connect : 32 : 11/09/2021 11:36:15 PM : INFO : connected to database: casino
__main__ : <module> : 14 : 11/09/2021 11:36:15 PM : INFO : starting...
__main__ : <module> : 43 : 11/09/2021 11:36:15 PM : DEBUG : loading extensions...
main : <module> : 14 : 11/09/2021 11:36:15 PM : INFO : starting...
main : <module> : 43 : 11/09/2021 11:36:15 PM : DEBUG : loading extensions...
cogs.casino : __init__ : 131 : 11/09/2021 11:36:15 PM : INFO : cogs.casino Cog has initialized
cogs.error_handler : __init__ : 17 : 11/09/2021 11:36:15 PM : INFO : cogs.error_handler Cog has initialized
main : <module> : 46 : 11/09/2021 11:36:15 PM : DEBUG : loading complete
main : on_ready : 28 : 11/09/2021 11:36:17 PM : INFO : bot is started
database : delete_user : 142 : 11/09/2021 11:36:17 PM : DEBUG : deleting user...
database : delete_user : 148 : 11/09/2021 11:36:17 PM : DEBUG : deleting complete
cogs.casino : rulet : 215 : 11/09/2021 11:36:18 PM : DEBUG : called command rulet
database : fetch_user : 108 : 11/09/2021 11:36:18 PM : DEBUG : searching user
database : fetch_user : 116 : 11/09/2021 11:36:18 PM : DEBUG : finded user
cogs.casino : on_raw_reaction_add : 272 : 11/09/2021 11:36:19 PM : DEBUG : reaction added
cogs.casino : on_raw_reaction_add : 272 : 11/09/2021 11:36:19 PM : DEBUG : reaction added
cogs.casino : on_raw_reaction_add : 272 : 11/09/2021 11:36:20 PM : DEBUG : reaction added
cogs.casino : on_raw_reaction_add : 272 : 11/09/2021 11:36:20 PM : DEBUG : reaction added
cogs.casino : __emoji_handler : 157 : 11/09/2021 11:36:20 PM : DEBUG : editing bet_type: -1
cogs.casino : on_raw_reaction_add : 272 : 11/09/2021 11:36:20 PM : DEBUG : reaction added
cogs.casino : on_raw_reaction_add : 272 : 11/09/2021 11:36:21 PM : DEBUG : reaction added
cogs.casino : on_raw_reaction_add : 272 : 11/09/2021 11:36:21 PM : DEBUG : reaction added
cogs.casino : on_raw_reaction_add : 272 : 11/09/2021 11:36:21 PM : DEBUG : reaction added
cogs.casino : __emoji_handler : 161 : 11/09/2021 11:36:21 PM : DEBUG : editing bet_type: +1
cogs.casino : on_raw_reaction_add : 272 : 11/09/2021 11:36:22 PM : DEBUG : reaction added
cogs.casino : on_raw_reaction_add : 272 : 11/09/2021 11:36:22 PM : DEBUG : reaction added
cogs.casino : on_raw_reaction_add : 272 : 11/09/2021 11:36:23 PM : DEBUG : reaction added
cogs.casino : on_raw_reaction_add : 272 : 11/09/2021 11:36:23 PM : DEBUG : reaction added
cogs.casino : on_raw_reaction_add : 272 : 11/09/2021 11:36:24 PM : DEBUG : reaction added
cogs.casino : __emoji_handler : 165 : 11/09/2021 11:36:24 PM : DEBUG : editing bet_type_type
cogs.casino : on_raw_reaction_remove : 278 : 11/09/2021 11:36:25 PM : DEBUG : reaction removed
cogs.casino : __emoji_handler : 165 : 11/09/2021 11:36:25 PM : DEBUG : editing bet_type_type
cogs.casino : on_raw_reaction_add : 272 : 11/09/2021 11:36:26 PM : DEBUG : reaction added
cogs.casino : __emoji_handler : 165 : 11/09/2021 11:36:26 PM : DEBUG : editing bet_type_type
cogs.casino : on_raw_reaction_remove : 278 : 11/09/2021 11:36:27 PM : DEBUG : reaction removed
cogs.casino : __emoji_handler : 165 : 11/09/2021 11:36:27 PM : DEBUG : editing bet_type_type
cogs.casino : on_raw_reaction_add : 272 : 11/09/2021 11:36:30 PM : DEBUG : reaction added
cogs.casino : __emoji_handler : 169 : 11/09/2021 11:36:30 PM : DEBUG : editing money
cogs.casino : on_raw_reaction_add : 272 : 11/09/2021 11:36:31 PM : DEBUG : reaction added
cogs.casino : __emoji_handler : 169 : 11/09/2021 11:36:31 PM : DEBUG : editing money
cogs.casino : on_raw_reaction_remove : 278 : 11/09/2021 11:36:32 PM : DEBUG : reaction removed
cogs.casino : __emoji_handler : 169 : 11/09/2021 11:36:32 PM : DEBUG : editing money
cogs.casino : on_raw_reaction_add : 272 : 11/09/2021 11:36:35 PM : DEBUG : reaction added
models.rulet : __init__ : 67 : 11/09/2021 11:36:35 PM : DEBUG : Rulet initialized
cogs.casino : on_raw_reaction_add : 272 : 11/09/2021 11:36:45 PM : DEBUG : reaction added
cogs.casino : __emoji_handler : 165 : 11/09/2021 11:36:45 PM : DEBUG : editing bet_type_type
cogs.casino : on_raw_reaction_remove : 278 : 11/09/2021 11:36:46 PM : DEBUG : reaction removed
cogs.casino : __emoji_handler : 161 : 11/09/2021 11:36:46 PM : DEBUG : editing bet_type: +1
cogs.casino : on_raw_reaction_remove : 278 : 11/09/2021 11:36:47 PM : DEBUG : reaction removed
cogs.casino : __emoji_handler : 157 : 11/09/2021 11:36:47 PM : DEBUG : editing bet_type: -1
cogs.casino : on_raw_reaction_remove : 278 : 11/09/2021 11:36:49 PM : DEBUG : reaction removed
cogs.casino : __emoji_handler : 173 : 11/09/2021 11:36:49 PM : DEBUG : Papr1ka, did not choose bet type
cogs.error_handler : on_error : 32 : 11/09/2021 11:36:49 PM : DEBUG : errors.NotEnoughMoney
database : connect : 23 : 11/09/2021 11:38:11 PM : DEBUG : connecting to cluster...
database : connect : 26 : 11/09/2021 11:38:13 PM : INFO : connected to cluster, aviable databases: casino, jackbox, serverdb, userstates, admin, local
database : connect : 27 : 11/09/2021 11:38:13 PM : DEBUG : {'version': '4.4.8', 'gitVersion': '83b8bb8b6b325d8d8d3dfd2ad9f744bdad7d6ca0', 'modules': ['enterprise'], 'allocator': 'tcmalloc', 'javascriptEngine': 'mozjs', 'sysInfo': 'deprecated', 'versionArray': [4, 4, 8, 0], 'openssl': {'running': 'OpenSSL 1.0.1e-fips 11 Feb 2013', 'compiled': 'OpenSSL 1.0.1e-fips 11 Feb 2013'}, 'buildEnvironment': {'distmod': 'rhel70', 'distarch': 'x86_64', 'cc': '/opt/mongodbtoolchain/v3/bin/gcc: gcc (GCC) 8.5.0', 'ccflags': '-fno-omit-frame-pointer -fno-strict-aliasing -fasynchronous-unwind-tables -ggdb -pthread -Wall -Wsign-compare -Wno-unknown-pragmas -Winvalid-pch -Werror -O2 -Wno-unused-local-typedefs -Wno-unused-function -Wno-deprecated-declarations -Wno-unused-const-variable -Wno-unused-but-set-variable -Wno-missing-braces -fstack-protector-strong -fno-builtin-memcmp', 'cxx': '/opt/mongodbtoolchain/v3/bin/g++: g++ (GCC) 8.5.0', 'cxxflags': '-Woverloaded-virtual -Wno-maybe-uninitialized -fsized-deallocation -std=c++17', 'linkflags': '-pthread -Wl,-z,now -rdynamic -Wl,--fatal-warnings -fstack-protector-strong -fuse-ld=gold -Wl,--no-threads -Wl,--build-id -Wl,--hash-style=gnu -Wl,-z,noexecstack -Wl,--warn-execstack -Wl,-z,relro -Wl,-rpath,/usr/lib64/perl5/CORE -Wl,-z,origin -Wl,--enable-new-dtags', 'target_arch': 'x86_64', 'target_os': 'linux', 'cppdefines': 'SAFEINT_USE_INTRINSICS 0 PCRE_STATIC NDEBUG _XOPEN_SOURCE 700 _GNU_SOURCE _FORTIFY_SOURCE 2 BOOST_THREAD_VERSION 5 BOOST_THREAD_USES_DATETIME BOOST_SYSTEM_NO_DEPRECATED BOOST_MATH_NO_LONG_DOUBLE_MATH_FUNCTIONS BOOST_ENABLE_ASSERT_DEBUG_HANDLER BOOST_LOG_NO_SHORTHAND_NAMES BOOST_LOG_USE_NATIVE_SYSLOG BOOST_LOG_WITHOUT_THREAD_ATTR ABSL_FORCE_ALIGNED_ACCESS'}, 'bits': 64, 'debug': False, 'maxBsonObjectSize': 16777216, 'storageEngines': ['biggie', 'devnull', 'ephemeralForTest', 'inMemory', 'queryable_wt', 'wiredTiger'], 'ok': 1.0, '$clusterTime': {'clusterTime': Timestamp(1631392692, 1), 'signature': {'hash': b'\xff\x07=\xdf\x7fF\xfc>H\xa3\xa8C\x85\x95\xd3\x0c\xbf\xf29\x16', 'keyId': 6957767489610579969}}, 'operationTime': Timestamp(1631392692, 1)}
database : connect : 32 : 11/09/2021 11:38:13 PM : INFO : connected to database: casino
__main__ : <module> : 14 : 11/09/2021 11:38:13 PM : INFO : starting...
__main__ : <module> : 43 : 11/09/2021 11:38:13 PM : DEBUG : loading extensions...
main : <module> : 14 : 11/09/2021 11:38:13 PM : INFO : starting...
main : <module> : 43 : 11/09/2021 11:38:13 PM : DEBUG : loading extensions...
cogs.casino : __init__ : 131 : 11/09/2021 11:38:13 PM : INFO : cogs.casino Cog has initialized
cogs.error_handler : __init__ : 18 : 11/09/2021 11:38:13 PM : INFO : cogs.error_handler Cog has initialized
main : <module> : 46 : 11/09/2021 11:38:13 PM : DEBUG : loading complete
main : on_ready : 28 : 11/09/2021 11:38:16 PM : INFO : bot is started
database : delete_user : 142 : 11/09/2021 11:38:16 PM : DEBUG : deleting user...
database : delete_user : 148 : 11/09/2021 11:38:16 PM : DEBUG : deleting complete
cogs.casino : rulet : 215 : 11/09/2021 11:38:19 PM : DEBUG : called command rulet
database : fetch_user : 108 : 11/09/2021 11:38:19 PM : DEBUG : searching user
database : fetch_user : 116 : 11/09/2021 11:38:19 PM : DEBUG : finded user
cogs.casino : on_raw_reaction_add : 272 : 11/09/2021 11:38:19 PM : DEBUG : reaction added
cogs.casino : on_raw_reaction_add : 272 : 11/09/2021 11:38:20 PM : DEBUG : reaction added
cogs.casino : on_raw_reaction_add : 272 : 11/09/2021 11:38:20 PM : DEBUG : reaction added
cogs.casino : on_raw_reaction_add : 272 : 11/09/2021 11:38:21 PM : DEBUG : reaction added
cogs.casino : on_raw_reaction_add : 272 : 11/09/2021 11:38:22 PM : DEBUG : reaction added
cogs.casino : on_raw_reaction_add : 272 : 11/09/2021 11:38:22 PM : DEBUG : reaction added
cogs.casino : on_raw_reaction_add : 272 : 11/09/2021 11:38:23 PM : DEBUG : reaction added
cogs.casino : on_raw_reaction_add : 272 : 11/09/2021 11:38:23 PM : DEBUG : reaction added
cogs.casino : on_raw_reaction_add : 272 : 11/09/2021 11:38:24 PM : DEBUG : reaction added
cogs.casino : on_raw_reaction_add : 272 : 11/09/2021 11:38:24 PM : DEBUG : reaction added
cogs.casino : on_raw_reaction_add : 272 : 11/09/2021 11:38:25 PM : DEBUG : reaction added
cogs.casino : __emoji_handler : 173 : 11/09/2021 11:38:25 PM : DEBUG : Papr1ka, did not choose bet type
cogs.error_handler : on_error : 33 : 11/09/2021 11:38:25 PM : DEBUG : errors.NotEnoughMoney
cogs.casino : on_raw_reaction_add : 272 : 11/09/2021 11:38:33 PM : DEBUG : reaction added
cogs.casino : __emoji_handler : 165 : 11/09/2021 11:38:33 PM : DEBUG : editing bet_type_type
cogs.casino : on_raw_reaction_add : 272 : 11/09/2021 11:38:35 PM : DEBUG : reaction added
cogs.casino : __emoji_handler : 169 : 11/09/2021 11:38:35 PM : DEBUG : editing money
cogs.casino : on_raw_reaction_remove : 278 : 11/09/2021 11:38:38 PM : DEBUG : reaction removed
models.rulet : __init__ : 67 : 11/09/2021 11:38:38 PM : DEBUG : Rulet initialized
database : connect : 23 : 11/09/2021 11:41:18 PM : DEBUG : connecting to cluster...
database : connect : 26 : 11/09/2021 11:41:19 PM : INFO : connected to cluster, aviable databases: casino, jackbox, serverdb, userstates, admin, local
database : connect : 27 : 11/09/2021 11:41:19 PM : DEBUG : {'version': '4.4.8', 'gitVersion': '83b8bb8b6b325d8d8d3dfd2ad9f744bdad7d6ca0', 'modules': ['enterprise'], 'allocator': 'tcmalloc', 'javascriptEngine': 'mozjs', 'sysInfo': 'deprecated', 'versionArray': [4, 4, 8, 0], 'openssl': {'running': 'OpenSSL 1.0.1e-fips 11 Feb 2013', 'compiled': 'OpenSSL 1.0.1e-fips 11 Feb 2013'}, 'buildEnvironment': {'distmod': 'rhel70', 'distarch': 'x86_64', 'cc': '/opt/mongodbtoolchain/v3/bin/gcc: gcc (GCC) 8.5.0', 'ccflags': '-fno-omit-frame-pointer -fno-strict-aliasing -fasynchronous-unwind-tables -ggdb -pthread -Wall -Wsign-compare -Wno-unknown-pragmas -Winvalid-pch -Werror -O2 -Wno-unused-local-typedefs -Wno-unused-function -Wno-deprecated-declarations -Wno-unused-const-variable -Wno-unused-but-set-variable -Wno-missing-braces -fstack-protector-strong -fno-builtin-memcmp', 'cxx': '/opt/mongodbtoolchain/v3/bin/g++: g++ (GCC) 8.5.0', 'cxxflags': '-Woverloaded-virtual -Wno-maybe-uninitialized -fsized-deallocation -std=c++17', 'linkflags': '-pthread -Wl,-z,now -rdynamic -Wl,--fatal-warnings -fstack-protector-strong -fuse-ld=gold -Wl,--no-threads -Wl,--build-id -Wl,--hash-style=gnu -Wl,-z,noexecstack -Wl,--warn-execstack -Wl,-z,relro -Wl,-rpath,/usr/lib64/perl5/CORE -Wl,-z,origin -Wl,--enable-new-dtags', 'target_arch': 'x86_64', 'target_os': 'linux', 'cppdefines': 'SAFEINT_USE_INTRINSICS 0 PCRE_STATIC NDEBUG _XOPEN_SOURCE 700 _GNU_SOURCE _FORTIFY_SOURCE 2 BOOST_THREAD_VERSION 5 BOOST_THREAD_USES_DATETIME BOOST_SYSTEM_NO_DEPRECATED BOOST_MATH_NO_LONG_DOUBLE_MATH_FUNCTIONS BOOST_ENABLE_ASSERT_DEBUG_HANDLER BOOST_LOG_NO_SHORTHAND_NAMES BOOST_LOG_USE_NATIVE_SYSLOG BOOST_LOG_WITHOUT_THREAD_ATTR ABSL_FORCE_ALIGNED_ACCESS'}, 'bits': 64, 'debug': False, 'maxBsonObjectSize': 16777216, 'storageEngines': ['biggie', 'devnull', 'ephemeralForTest', 'inMemory', 'queryable_wt', 'wiredTiger'], 'ok': 1.0, '$clusterTime': {'clusterTime': Timestamp(1631392877, 1), 'signature': {'hash': b'#\xa4,\xea\x96\x87\xde\xfc\xcci\x05g#\x7fI/6\xf4\xa2\xbc', 'keyId': 6957767489610579969}}, 'operationTime': Timestamp(1631392877, 1)}
database : connect : 32 : 11/09/2021 11:41:19 PM : INFO : connected to database: casino
__main__ : <module> : 14 : 11/09/2021 11:41:19 PM : INFO : starting...
__main__ : <module> : 43 : 11/09/2021 11:41:19 PM : DEBUG : loading extensions...
main : <module> : 14 : 11/09/2021 11:41:19 PM : INFO : starting...
main : <module> : 43 : 11/09/2021 11:41:19 PM : DEBUG : loading extensions...
cogs.casino : __init__ : 132 : 11/09/2021 11:41:19 PM : INFO : cogs.casino Cog has initialized
cogs.error_handler : __init__ : 18 : 11/09/2021 11:41:19 PM : INFO : cogs.error_handler Cog has initialized
main : <module> : 46 : 11/09/2021 11:41:19 PM : DEBUG : loading complete
main : on_ready : 28 : 11/09/2021 11:41:22 PM : INFO : bot is started
database : delete_user : 142 : 11/09/2021 11:41:22 PM : DEBUG : deleting user...
database : delete_user : 148 : 11/09/2021 11:41:22 PM : DEBUG : deleting complete
cogs.casino : rulet : 216 : 11/09/2021 11:41:23 PM : DEBUG : called command rulet
database : fetch_user : 108 : 11/09/2021 11:41:23 PM : DEBUG : searching user
database : fetch_user : 116 : 11/09/2021 11:41:23 PM : DEBUG : finded user
cogs.casino : on_raw_reaction_add : 278 : 11/09/2021 11:41:23 PM : DEBUG : reaction added
cogs.casino : on_raw_reaction_add : 278 : 11/09/2021 11:41:24 PM : DEBUG : reaction added
cogs.casino : on_raw_reaction_add : 278 : 11/09/2021 11:41:24 PM : DEBUG : reaction added
cogs.casino : on_raw_reaction_add : 278 : 11/09/2021 11:41:25 PM : DEBUG : reaction added
cogs.casino : on_raw_reaction_add : 278 : 11/09/2021 11:41:25 PM : DEBUG : reaction added
cogs.casino : on_raw_reaction_add : 278 : 11/09/2021 11:41:26 PM : DEBUG : reaction added
cogs.casino : on_raw_reaction_add : 278 : 11/09/2021 11:41:26 PM : DEBUG : reaction added
cogs.casino : on_raw_reaction_add : 278 : 11/09/2021 11:41:27 PM : DEBUG : reaction added
cogs.casino : __emoji_handler : 166 : 11/09/2021 11:41:27 PM : DEBUG : editing bet_type_type
cogs.casino : on_raw_reaction_add : 278 : 11/09/2021 11:41:27 PM : DEBUG : reaction added
cogs.casino : on_raw_reaction_add : 278 : 11/09/2021 11:41:27 PM : DEBUG : reaction added
cogs.casino : on_raw_reaction_add : 278 : 11/09/2021 11:41:28 PM : DEBUG : reaction added
cogs.casino : on_raw_reaction_add : 278 : 11/09/2021 11:41:29 PM : DEBUG : reaction added
models.rulet : __init__ : 67 : 11/09/2021 11:41:29 PM : DEBUG : Rulet initialized
cogs.casino : on_raw_reaction_remove : 284 : 11/09/2021 11:41:49 PM : DEBUG : reaction removed
models.rulet : __init__ : 67 : 11/09/2021 11:41:49 PM : DEBUG : Rulet initialized
database : connect : 23 : 11/09/2021 11:42:34 PM : DEBUG : connecting to cluster...
database : connect : 26 : 11/09/2021 11:42:35 PM : INFO : connected to cluster, aviable databases: casino, jackbox, serverdb, userstates, admin, local
database : connect : 27 : 11/09/2021 11:42:35 PM : DEBUG : {'version': '4.4.8', 'gitVersion': '83b8bb8b6b325d8d8d3dfd2ad9f744bdad7d6ca0', 'modules': ['enterprise'], 'allocator': 'tcmalloc', 'javascriptEngine': 'mozjs', 'sysInfo': 'deprecated', 'versionArray': [4, 4, 8, 0], 'openssl': {'running': 'OpenSSL 1.0.1e-fips 11 Feb 2013', 'compiled': 'OpenSSL 1.0.1e-fips 11 Feb 2013'}, 'buildEnvironment': {'distmod': 'rhel70', 'distarch': 'x86_64', 'cc': '/opt/mongodbtoolchain/v3/bin/gcc: gcc (GCC) 8.5.0', 'ccflags': '-fno-omit-frame-pointer -fno-strict-aliasing -fasynchronous-unwind-tables -ggdb -pthread -Wall -Wsign-compare -Wno-unknown-pragmas -Winvalid-pch -Werror -O2 -Wno-unused-local-typedefs -Wno-unused-function -Wno-deprecated-declarations -Wno-unused-const-variable -Wno-unused-but-set-variable -Wno-missing-braces -fstack-protector-strong -fno-builtin-memcmp', 'cxx': '/opt/mongodbtoolchain/v3/bin/g++: g++ (GCC) 8.5.0', 'cxxflags': '-Woverloaded-virtual -Wno-maybe-uninitialized -fsized-deallocation -std=c++17', 'linkflags': '-pthread -Wl,-z,now -rdynamic -Wl,--fatal-warnings -fstack-protector-strong -fuse-ld=gold -Wl,--no-threads -Wl,--build-id -Wl,--hash-style=gnu -Wl,-z,noexecstack -Wl,--warn-execstack -Wl,-z,relro -Wl,-rpath,/usr/lib64/perl5/CORE -Wl,-z,origin -Wl,--enable-new-dtags', 'target_arch': 'x86_64', 'target_os': 'linux', 'cppdefines': 'SAFEINT_USE_INTRINSICS 0 PCRE_STATIC NDEBUG _XOPEN_SOURCE 700 _GNU_SOURCE _FORTIFY_SOURCE 2 BOOST_THREAD_VERSION 5 BOOST_THREAD_USES_DATETIME BOOST_SYSTEM_NO_DEPRECATED BOOST_MATH_NO_LONG_DOUBLE_MATH_FUNCTIONS BOOST_ENABLE_ASSERT_DEBUG_HANDLER BOOST_LOG_NO_SHORTHAND_NAMES BOOST_LOG_USE_NATIVE_SYSLOG BOOST_LOG_WITHOUT_THREAD_ATTR ABSL_FORCE_ALIGNED_ACCESS'}, 'bits': 64, 'debug': False, 'maxBsonObjectSize': 16777216, 'storageEngines': ['biggie', 'devnull', 'ephemeralForTest', 'inMemory', 'queryable_wt', 'wiredTiger'], 'ok': 1.0, '$clusterTime': {'clusterTime': Timestamp(1631392955, 1), 'signature': {'hash': b'\xc26\xa1K\\7\x00\x8dAT\x1aE\x1du"R\xde?\x8d\xb8', 'keyId': 6957767489610579969}}, 'operationTime': Timestamp(1631392955, 1)}
database : connect : 32 : 11/09/2021 11:42:35 PM : INFO : connected to database: casino
__main__ : <module> : 14 : 11/09/2021 11:42:35 PM : INFO : starting...
__main__ : <module> : 43 : 11/09/2021 11:42:35 PM : DEBUG : loading extensions...
main : <module> : 14 : 11/09/2021 11:42:36 PM : INFO : starting...
main : <module> : 43 : 11/09/2021 11:42:36 PM : DEBUG : loading extensions...
cogs.casino : __init__ : 132 : 11/09/2021 11:42:36 PM : INFO : cogs.casino Cog has initialized
cogs.error_handler : __init__ : 18 : 11/09/2021 11:42:36 PM : INFO : cogs.error_handler Cog has initialized
main : <module> : 46 : 11/09/2021 11:42:36 PM : DEBUG : loading complete
main : on_ready : 28 : 11/09/2021 11:42:38 PM : INFO : bot is started
database : delete_user : 142 : 11/09/2021 11:42:38 PM : DEBUG : deleting user...
database : delete_user : 148 : 11/09/2021 11:42:38 PM : DEBUG : deleting complete
cogs.casino : rulet : 216 : 11/09/2021 11:42:44 PM : DEBUG : called command rulet
database : fetch_user : 108 : 11/09/2021 11:42:44 PM : DEBUG : searching user
database : fetch_user : 116 : 11/09/2021 11:42:44 PM : DEBUG : finded user
cogs.casino : on_raw_reaction_add : 279 : 11/09/2021 11:42:45 PM : DEBUG : reaction added
cogs.casino : on_raw_reaction_add : 279 : 11/09/2021 11:42:46 PM : DEBUG : reaction added
cogs.casino : on_raw_reaction_add : 279 : 11/09/2021 11:42:46 PM : DEBUG : reaction added
cogs.casino : on_raw_reaction_add : 279 : 11/09/2021 11:42:47 PM : DEBUG : reaction added
cogs.casino : on_raw_reaction_add : 279 : 11/09/2021 11:42:47 PM : DEBUG : reaction added
cogs.casino : __emoji_handler : 166 : 11/09/2021 11:42:47 PM : DEBUG : editing bet_type_type
cogs.casino : on_raw_reaction_add : 279 : 11/09/2021 11:42:47 PM : DEBUG : reaction added
cogs.casino : on_raw_reaction_add : 279 : 11/09/2021 11:42:48 PM : DEBUG : reaction added
cogs.casino : on_raw_reaction_add : 279 : 11/09/2021 11:42:48 PM : DEBUG : reaction added
cogs.casino : on_raw_reaction_add : 279 : 11/09/2021 11:42:49 PM : DEBUG : reaction added
cogs.casino : on_raw_reaction_add : 279 : 11/09/2021 11:42:49 PM : DEBUG : reaction added
cogs.casino : on_raw_reaction_add : 279 : 11/09/2021 11:42:49 PM : DEBUG : reaction added
cogs.casino : on_raw_reaction_add : 279 : 11/09/2021 11:42:51 PM : DEBUG : reaction added
models.rulet : __init__ : 67 : 11/09/2021 11:42:51 PM : DEBUG : Rulet initialized
database : connect : 23 : 11/09/2021 11:46:33 PM : DEBUG : connecting to cluster...
database : connect : 26 : 11/09/2021 11:46:34 PM : INFO : connected to cluster, aviable databases: casino, jackbox, serverdb, userstates, admin, local
database : connect : 27 : 11/09/2021 11:46:34 PM : DEBUG : {'version': '4.4.8', 'gitVersion': '83b8bb8b6b325d8d8d3dfd2ad9f744bdad7d6ca0', 'modules': ['enterprise'], 'allocator': 'tcmalloc', 'javascriptEngine': 'mozjs', 'sysInfo': 'deprecated', 'versionArray': [4, 4, 8, 0], 'openssl': {'running': 'OpenSSL 1.0.1e-fips 11 Feb 2013', 'compiled': 'OpenSSL 1.0.1e-fips 11 Feb 2013'}, 'buildEnvironment': {'distmod': 'rhel70', 'distarch': 'x86_64', 'cc': '/opt/mongodbtoolchain/v3/bin/gcc: gcc (GCC) 8.5.0', 'ccflags': '-fno-omit-frame-pointer -fno-strict-aliasing -fasynchronous-unwind-tables -ggdb -pthread -Wall -Wsign-compare -Wno-unknown-pragmas -Winvalid-pch -Werror -O2 -Wno-unused-local-typedefs -Wno-unused-function -Wno-deprecated-declarations -Wno-unused-const-variable -Wno-unused-but-set-variable -Wno-missing-braces -fstack-protector-strong -fno-builtin-memcmp', 'cxx': '/opt/mongodbtoolchain/v3/bin/g++: g++ (GCC) 8.5.0', 'cxxflags': '-Woverloaded-virtual -Wno-maybe-uninitialized -fsized-deallocation -std=c++17', 'linkflags': '-pthread -Wl,-z,now -rdynamic -Wl,--fatal-warnings -fstack-protector-strong -fuse-ld=gold -Wl,--no-threads -Wl,--build-id -Wl,--hash-style=gnu -Wl,-z,noexecstack -Wl,--warn-execstack -Wl,-z,relro -Wl,-rpath,/usr/lib64/perl5/CORE -Wl,-z,origin -Wl,--enable-new-dtags', 'target_arch': 'x86_64', 'target_os': 'linux', 'cppdefines': 'SAFEINT_USE_INTRINSICS 0 PCRE_STATIC NDEBUG _XOPEN_SOURCE 700 _GNU_SOURCE _FORTIFY_SOURCE 2 BOOST_THREAD_VERSION 5 BOOST_THREAD_USES_DATETIME BOOST_SYSTEM_NO_DEPRECATED BOOST_MATH_NO_LONG_DOUBLE_MATH_FUNCTIONS BOOST_ENABLE_ASSERT_DEBUG_HANDLER BOOST_LOG_NO_SHORTHAND_NAMES BOOST_LOG_USE_NATIVE_SYSLOG BOOST_LOG_WITHOUT_THREAD_ATTR ABSL_FORCE_ALIGNED_ACCESS'}, 'bits': 64, 'debug': False, 'maxBsonObjectSize': 16777216, 'storageEngines': ['biggie', 'devnull', 'ephemeralForTest', 'inMemory', 'queryable_wt', 'wiredTiger'], 'ok': 1.0, '$clusterTime': {'clusterTime': Timestamp(1631393193, 1), 'signature': {'hash': b'\xcd-\x1c\xe0\x15\xc3\xd0\xd5f\xa1\x13\r\xa8\xb7^1{\x0c\xa0\xed', 'keyId': 6957767489610579969}}, 'operationTime': Timestamp(1631393193, 1)}
database : connect : 32 : 11/09/2021 11:46:34 PM : INFO : connected to database: casino
__main__ : <module> : 14 : 11/09/2021 11:46:34 PM : INFO : starting...
__main__ : <module> : 43 : 11/09/2021 11:46:34 PM : DEBUG : loading extensions...
main : <module> : 14 : 11/09/2021 11:46:34 PM : INFO : starting...
main : <module> : 43 : 11/09/2021 11:46:34 PM : DEBUG : loading extensions...
cogs.casino : __init__ : 132 : 11/09/2021 11:46:34 PM : INFO : cogs.casino Cog has initialized
cogs.error_handler : __init__ : 18 : 11/09/2021 11:46:34 PM : INFO : cogs.error_handler Cog has initialized
main : <module> : 46 : 11/09/2021 11:46:34 PM : DEBUG : loading complete
main : on_ready : 28 : 11/09/2021 11:46:37 PM : INFO : bot is started
database : delete_user : 142 : 11/09/2021 11:46:37 PM : DEBUG : deleting user...
database : delete_user : 148 : 11/09/2021 11:46:37 PM : DEBUG : deleting complete
cogs.casino : rulet : 216 : 11/09/2021 11:46:38 PM : DEBUG : called command rulet
database : fetch_user : 108 : 11/09/2021 11:46:38 PM : DEBUG : searching user
database : fetch_user : 116 : 11/09/2021 11:46:38 PM : DEBUG : finded user
cogs.casino : on_raw_reaction_add : 281 : 11/09/2021 11:46:38 PM : DEBUG : reaction added
cogs.casino : on_raw_reaction_add : 281 : 11/09/2021 11:46:39 PM : DEBUG : reaction added
cogs.casino : on_raw_reaction_add : 281 : 11/09/2021 11:46:39 PM : DEBUG : reaction added
cogs.casino : on_raw_reaction_add : 281 : 11/09/2021 11:46:40 PM : DEBUG : reaction added
cogs.casino : on_raw_reaction_add : 281 : 11/09/2021 11:46:40 PM : DEBUG : reaction added
cogs.casino : on_raw_reaction_add : 281 : 11/09/2021 11:46:41 PM : DEBUG : reaction added
cogs.casino : on_raw_reaction_add : 281 : 11/09/2021 11:46:41 PM : DEBUG : reaction added
cogs.casino : on_raw_reaction_add : 281 : 11/09/2021 11:46:42 PM : DEBUG : reaction added
cogs.casino : __emoji_handler : 166 : 11/09/2021 11:46:42 PM : DEBUG : editing bet_type_type
cogs.casino : on_raw_reaction_add : 281 : 11/09/2021 11:46:42 PM : DEBUG : reaction added
cogs.casino : on_raw_reaction_add : 281 : 11/09/2021 11:46:42 PM : DEBUG : reaction added
cogs.casino : on_raw_reaction_add : 281 : 11/09/2021 11:46:43 PM : DEBUG : reaction added
cogs.casino : on_raw_reaction_add : 281 : 11/09/2021 11:46:44 PM : DEBUG : reaction added
models.rulet : __init__ : 67 : 11/09/2021 11:46:44 PM : DEBUG : Rulet initialized
database : connect : 23 : 11/09/2021 11:47:27 PM : DEBUG : connecting to cluster...
database : connect : 26 : 11/09/2021 11:47:28 PM : INFO : connected to cluster, aviable databases: casino, jackbox, serverdb, userstates, admin, local
database : connect : 27 : 11/09/2021 11:47:28 PM : DEBUG : {'version': '4.4.8', 'gitVersion': '83b8bb8b6b325d8d8d3dfd2ad9f744bdad7d6ca0', 'modules': ['enterprise'], 'allocator': 'tcmalloc', 'javascriptEngine': 'mozjs', 'sysInfo': 'deprecated', 'versionArray': [4, 4, 8, 0], 'openssl': {'running': 'OpenSSL 1.0.1e-fips 11 Feb 2013', 'compiled': 'OpenSSL 1.0.1e-fips 11 Feb 2013'}, 'buildEnvironment': {'distmod': 'rhel70', 'distarch': 'x86_64', 'cc': '/opt/mongodbtoolchain/v3/bin/gcc: gcc (GCC) 8.5.0', 'ccflags': '-fno-omit-frame-pointer -fno-strict-aliasing -fasynchronous-unwind-tables -ggdb -pthread -Wall -Wsign-compare -Wno-unknown-pragmas -Winvalid-pch -Werror -O2 -Wno-unused-local-typedefs -Wno-unused-function -Wno-deprecated-declarations -Wno-unused-const-variable -Wno-unused-but-set-variable -Wno-missing-braces -fstack-protector-strong -fno-builtin-memcmp', 'cxx': '/opt/mongodbtoolchain/v3/bin/g++: g++ (GCC) 8.5.0', 'cxxflags': '-Woverloaded-virtual -Wno-maybe-uninitialized -fsized-deallocation -std=c++17', 'linkflags': '-pthread -Wl,-z,now -rdynamic -Wl,--fatal-warnings -fstack-protector-strong -fuse-ld=gold -Wl,--no-threads -Wl,--build-id -Wl,--hash-style=gnu -Wl,-z,noexecstack -Wl,--warn-execstack -Wl,-z,relro -Wl,-rpath,/usr/lib64/perl5/CORE -Wl,-z,origin -Wl,--enable-new-dtags', 'target_arch': 'x86_64', 'target_os': 'linux', 'cppdefines': 'SAFEINT_USE_INTRINSICS 0 PCRE_STATIC NDEBUG _XOPEN_SOURCE 700 _GNU_SOURCE _FORTIFY_SOURCE 2 BOOST_THREAD_VERSION 5 BOOST_THREAD_USES_DATETIME BOOST_SYSTEM_NO_DEPRECATED BOOST_MATH_NO_LONG_DOUBLE_MATH_FUNCTIONS BOOST_ENABLE_ASSERT_DEBUG_HANDLER BOOST_LOG_NO_SHORTHAND_NAMES BOOST_LOG_USE_NATIVE_SYSLOG BOOST_LOG_WITHOUT_THREAD_ATTR ABSL_FORCE_ALIGNED_ACCESS'}, 'bits': 64, 'debug': False, 'maxBsonObjectSize': 16777216, 'storageEngines': ['biggie', 'devnull', 'ephemeralForTest', 'inMemory', 'queryable_wt', 'wiredTiger'], 'ok': 1.0, '$clusterTime': {'clusterTime': Timestamp(1631393242, 2), 'signature': {'hash': b'0+\x01\x8f\x81\x0b6\xa3\xda\xaa\n\xbdN\x14PVC\xa1\xd3O', 'keyId': 6957767489610579969}}, 'operationTime': Timestamp(1631393242, 2)}
database : connect : 32 : 11/09/2021 11:47:28 PM : INFO : connected to database: casino
__main__ : <module> : 14 : 11/09/2021 11:47:28 PM : INFO : starting...
__main__ : <module> : 43 : 11/09/2021 11:47:28 PM : DEBUG : loading extensions...
main : <module> : 14 : 11/09/2021 11:47:28 PM : INFO : starting...
main : <module> : 43 : 11/09/2021 11:47:28 PM : DEBUG : loading extensions...
cogs.casino : __init__ : 132 : 11/09/2021 11:47:28 PM : INFO : cogs.casino Cog has initialized
cogs.error_handler : __init__ : 18 : 11/09/2021 11:47:28 PM : INFO : cogs.error_handler Cog has initialized
main : <module> : 46 : 11/09/2021 11:47:28 PM : DEBUG : loading complete
main : on_ready : 28 : 11/09/2021 11:47:31 PM : INFO : bot is started
database : delete_user : 142 : 11/09/2021 11:47:31 PM : DEBUG : deleting user...
database : delete_user : 148 : 11/09/2021 11:47:31 PM : DEBUG : deleting complete
cogs.casino : rulet : 216 : 11/09/2021 11:47:34 PM : DEBUG : called command rulet
database : fetch_user : 108 : 11/09/2021 11:47:34 PM : DEBUG : searching user
database : fetch_user : 116 : 11/09/2021 11:47:34 PM : DEBUG : finded user
cogs.casino : on_raw_reaction_add : 279 : 11/09/2021 11:47:34 PM : DEBUG : reaction added
cogs.casino : on_raw_reaction_add : 279 : 11/09/2021 11:47:35 PM : DEBUG : reaction added
cogs.casino : on_raw_reaction_add : 279 : 11/09/2021 11:47:35 PM : DEBUG : reaction added
cogs.casino : on_raw_reaction_add : 279 : 11/09/2021 11:47:36 PM : DEBUG : reaction added
cogs.casino : on_raw_reaction_add : 279 : 11/09/2021 11:47:36 PM : DEBUG : reaction added
cogs.casino : on_raw_reaction_add : 279 : 11/09/2021 11:47:36 PM : DEBUG : reaction added
cogs.casino : __emoji_handler : 166 : 11/09/2021 11:47:36 PM : DEBUG : editing bet_type_type
cogs.casino : on_raw_reaction_add : 279 : 11/09/2021 11:47:37 PM : DEBUG : reaction added
cogs.casino : on_raw_reaction_add : 279 : 11/09/2021 11:47:37 PM : DEBUG : reaction added
cogs.casino : on_raw_reaction_add : 279 : 11/09/2021 11:47:38 PM : DEBUG : reaction added
cogs.casino : on_raw_reaction_add : 279 : 11/09/2021 11:47:38 PM : DEBUG : reaction added
cogs.casino : on_raw_reaction_add : 279 : 11/09/2021 11:47:39 PM : DEBUG : reaction added
cogs.casino : on_raw_reaction_add : 279 : 11/09/2021 11:47:40 PM : DEBUG : reaction added
models.rulet : __init__ : 67 : 11/09/2021 11:47:40 PM : DEBUG : Rulet initialized
